2017-02-10 10:43:50.6410|INFO|webApiTask.Helpers.NLogger|JSON
Method: GET
URL: http://localhost/webApi/api/lists
Controller : webApiTask.Controllers.ToDoListController
Action : Get
Action Parameters : {"messageFormat":"JSON","messageArguments":[{}]}

2017-02-10 10:43:55.9022|INFO|webApiTask.Helpers.NLogger|JSON
Method: GET
URL: http://localhost/webApi/api/lists
Controller : webApiTask.Controllers.ToDoListController
Action : Get
Action Parameters : {"messageFormat":"JSON","messageArguments":[{}]}

2017-02-10 11:00:51.0845|INFO|webApiTask.Helpers.NLogger|JSON
Method: GET
URL: http://localhost/webApi/api/lists
Controller : webApiTask.Controllers.ToDoListController
Action : Get
Action Parameters : {"messageFormat":"JSON","messageArguments":[{}]}

2017-02-10 11:00:55.1128|INFO|webApiTask.Helpers.NLogger|JSON
Method: POST
URL: http://localhost/webApi/api/tags/addTag/asd/1135
Controller : webApiTask.Controllers.TagController
Action : Post
Action Parameters : {"messageFormat":"JSON","messageArguments":[{"tag":"asd","listId":1135}]}

2017-02-10 11:01:31.5504|INFO|webApiTask.Helpers.NLogger|JSON
Method: GET
URL: http://localhost/webApi/api/lists
Controller : webApiTask.Controllers.ToDoListController
Action : Get
Action Parameters : {"messageFormat":"JSON","messageArguments":[{}]}

2017-02-10 11:01:38.0100|INFO|webApiTask.Helpers.NLogger|JSON
Method: POST
URL: http://localhost/webApi/api/tags/addTag/tag1/1135
Controller : webApiTask.Controllers.TagController
Action : Post
Action Parameters : {"messageFormat":"JSON","messageArguments":[{"tag":"tag1","listId":1135}]}

2017-02-10 11:01:41.3273|INFO|webApiTask.Helpers.NLogger|JSON
Method: GET
URL: http://localhost/webApi/api/lists
Controller : webApiTask.Controllers.ToDoListController
Action : Get
Action Parameters : {"messageFormat":"JSON","messageArguments":[{}]}

2017-02-10 11:01:52.7439|INFO|webApiTask.Helpers.NLogger|JSON
Method: GET
URL: http://localhost/webApi/api/lists
Controller : webApiTask.Controllers.ToDoListController
Action : Get
Action Parameters : {"messageFormat":"JSON","messageArguments":[{}]}

2017-02-10 11:02:17.0071|INFO|webApiTask.Helpers.NLogger|JSON
Method: GET
URL: http://localhost/webApi/api/lists
Controller : webApiTask.Controllers.ToDoListController
Action : Get
Action Parameters : {"messageFormat":"JSON","messageArguments":[{}]}

2017-02-10 11:16:21.4613|INFO|webApiTask.Helpers.NLogger|JSON
Method: GET
URL: http://localhost/webApi/api/lists
Controller : webApiTask.Controllers.ToDoListController
Action : Get
Action Parameters : {"messageFormat":"JSON","messageArguments":[{}]}

2017-02-10 11:16:38.1788|INFO|webApiTask.Helpers.NLogger|JSON
Method: GET
URL: http://localhost/webApi/api/lists
Controller : webApiTask.Controllers.ToDoListController
Action : Get
Action Parameters : {"messageFormat":"JSON","messageArguments":[{}]}

2017-02-10 11:16:40.0153|INFO|webApiTask.Helpers.NLogger|JSON
Method: GET
URL: http://localhost/webApi/api/lists
Controller : webApiTask.Controllers.ToDoListController
Action : Get
Action Parameters : {"messageFormat":"JSON","messageArguments":[{}]}

2017-02-10 11:17:09.7170|INFO|webApiTask.Helpers.NLogger|JSON
Method: GET
URL: http://localhost/webApi/api/lists
Controller : webApiTask.Controllers.ToDoListController
Action : Get
Action Parameters : {"messageFormat":"JSON","messageArguments":[{}]}

2017-02-10 11:17:52.9660|INFO|webApiTask.Helpers.NLogger|JSON
Method: GET
URL: http://localhost/webApi/api/lists
Controller : webApiTask.Controllers.ToDoListController
Action : Get
Action Parameters : {"messageFormat":"JSON","messageArguments":[{}]}

2017-02-10 11:17:56.0776|INFO|webApiTask.Helpers.NLogger|JSON
Method: GET
URL: http://localhost/webApi/api/lists
Controller : webApiTask.Controllers.ToDoListController
Action : Get
Action Parameters : {"messageFormat":"JSON","messageArguments":[{}]}

2017-02-10 11:18:03.4587|INFO|webApiTask.Helpers.NLogger|JSON
Method: GET
URL: http://localhost/webApi/api/lists
Controller : webApiTask.Controllers.ToDoListController
Action : Get
Action Parameters : {"messageFormat":"JSON","messageArguments":[{}]}

2017-02-10 11:18:59.2467|INFO|webApiTask.Helpers.NLogger|JSON
Method: GET
URL: http://localhost/webApi/api/lists
Controller : webApiTask.Controllers.ToDoListController
Action : Get
Action Parameters : {"messageFormat":"JSON","messageArguments":[{}]}

2017-02-10 11:19:14.6021|INFO|webApiTask.Helpers.NLogger|JSON
Method: GET
URL: http://localhost/webApi/api/lists
Controller : webApiTask.Controllers.ToDoListController
Action : Get
Action Parameters : {"messageFormat":"JSON","messageArguments":[{}]}

2017-02-10 11:19:41.9361|INFO|webApiTask.Helpers.NLogger|JSON
Method: GET
URL: http://localhost/webApi/api/lists
Controller : webApiTask.Controllers.ToDoListController
Action : Get
Action Parameters : {"messageFormat":"JSON","messageArguments":[{}]}

2017-02-10 11:20:00.3384|INFO|webApiTask.Helpers.NLogger|JSON
Method: GET
URL: http://localhost/webApi/api/lists
Controller : webApiTask.Controllers.ToDoListController
Action : Get
Action Parameters : {"messageFormat":"JSON","messageArguments":[{}]}

2017-02-10 11:20:21.7926|INFO|webApiTask.Helpers.NLogger|JSON
Method: GET
URL: http://localhost/webApi/api/lists
Controller : webApiTask.Controllers.ToDoListController
Action : Get
Action Parameters : {"messageFormat":"JSON","messageArguments":[{}]}

2017-02-10 11:34:05.2827|INFO|webApiTask.Helpers.NLogger|JSON
Method: GET
URL: http://localhost/webApi/api/lists
Controller : webApiTask.Controllers.ToDoListController
Action : Get
Action Parameters : {"messageFormat":"JSON","messageArguments":[{}]}

2017-02-10 11:34:05.2867|INFO|webApiTask.Helpers.NLogger|JSON
Method: GET
URL: http://localhost/webApi/api/Tag
Controller : webApiTask.Controllers.TagController
Action : Get
Action Parameters : {"messageFormat":"JSON","messageArguments":[{}]}

2017-02-10 11:34:54.3488|INFO|webApiTask.Helpers.NLogger|JSON
Method: GET
URL: http://localhost/webApi/api/lists
Controller : webApiTask.Controllers.ToDoListController
Action : Get
Action Parameters : {"messageFormat":"JSON","messageArguments":[{}]}

2017-02-10 11:34:54.3488|INFO|webApiTask.Helpers.NLogger|JSON
Method: GET
URL: http://localhost/webApi/api/Tag
Controller : webApiTask.Controllers.TagController
Action : Get
Action Parameters : {"messageFormat":"JSON","messageArguments":[{}]}

2017-02-10 11:35:20.5944|INFO|webApiTask.Helpers.NLogger|JSON
Method: GET
URL: http://localhost/webApi/api/lists
Controller : webApiTask.Controllers.ToDoListController
Action : Get
Action Parameters : {"messageFormat":"JSON","messageArguments":[{}]}

2017-02-10 11:35:20.5944|INFO|webApiTask.Helpers.NLogger|JSON
Method: GET
URL: http://localhost/webApi/api/Tag
Controller : webApiTask.Controllers.TagController
Action : Get
Action Parameters : {"messageFormat":"JSON","messageArguments":[{}]}

2017-02-10 11:36:34.2217|INFO|webApiTask.Helpers.NLogger|JSON
Method: GET
URL: http://localhost/webApi/api/Tag
Controller : webApiTask.Controllers.TagController
Action : Get
Action Parameters : {"messageFormat":"JSON","messageArguments":[{}]}

2017-02-10 11:36:34.2797|INFO|webApiTask.Helpers.NLogger|JSON
Method: GET
URL: http://localhost/webApi/api/lists
Controller : webApiTask.Controllers.ToDoListController
Action : Get
Action Parameters : {"messageFormat":"JSON","messageArguments":[{}]}

2017-02-10 11:36:42.3213|INFO|webApiTask.Helpers.NLogger|JSON
Method: GET
URL: http://localhost/webApi/api/lists
Controller : webApiTask.Controllers.ToDoListController
Action : Get
Action Parameters : {"messageFormat":"JSON","messageArguments":[{}]}

2017-02-10 11:36:42.3213|INFO|webApiTask.Helpers.NLogger|JSON
Method: GET
URL: http://localhost/webApi/api/Tag
Controller : webApiTask.Controllers.TagController
Action : Get
Action Parameters : {"messageFormat":"JSON","messageArguments":[{}]}

2017-02-10 11:38:03.5044|INFO|webApiTask.Helpers.NLogger|JSON
Method: GET
URL: http://localhost/webApi/api/lists
Controller : webApiTask.Controllers.ToDoListController
Action : Get
Action Parameters : {"messageFormat":"JSON","messageArguments":[{}]}

2017-02-10 11:38:03.5044|INFO|webApiTask.Helpers.NLogger|JSON
Method: GET
URL: http://localhost/webApi/api/Tag
Controller : webApiTask.Controllers.TagController
Action : Get
Action Parameters : {"messageFormat":"JSON","messageArguments":[{}]}

2017-02-10 11:38:13.7556|INFO|webApiTask.Helpers.NLogger|JSON
Method: POST
URL: http://localhost/webApi/api/tags/addTag/slava/2150
Controller : webApiTask.Controllers.TagController
Action : Post
Action Parameters : {"messageFormat":"JSON","messageArguments":[{"tag":"slava","listId":2150}]}

2017-02-10 11:38:18.7851|INFO|webApiTask.Helpers.NLogger|JSON
Method: GET
URL: http://localhost/webApi/api/lists
Controller : webApiTask.Controllers.ToDoListController
Action : Get
Action Parameters : {"messageFormat":"JSON","messageArguments":[{}]}

2017-02-10 11:38:18.7981|INFO|webApiTask.Helpers.NLogger|JSON
Method: GET
URL: http://localhost/webApi/api/Tag
Controller : webApiTask.Controllers.TagController
Action : Get
Action Parameters : {"messageFormat":"JSON","messageArguments":[{}]}

2017-02-10 11:38:28.6308|INFO|webApiTask.Helpers.NLogger|JSON
Method: POST
URL: http://localhost/webApi/api/tags/addTag/s/1135
Controller : webApiTask.Controllers.TagController
Action : Post
Action Parameters : {"messageFormat":"JSON","messageArguments":[{"tag":"s","listId":1135}]}

2017-02-10 11:38:36.9809|INFO|webApiTask.Helpers.NLogger|JSON
Method: POST
URL: http://localhost/webApi/api/tags/addTag/sd/1135
Controller : webApiTask.Controllers.TagController
Action : Post
Action Parameters : {"messageFormat":"JSON","messageArguments":[{"tag":"sd","listId":1135}]}

2017-02-10 11:38:50.8117|INFO|webApiTask.Helpers.NLogger|JSON
Method: POST
URL: http://localhost/webApi/api/tags/addTag/qwtery/1135
Controller : webApiTask.Controllers.TagController
Action : Post
Action Parameters : {"messageFormat":"JSON","messageArguments":[{"tag":"qwtery","listId":1135}]}

2017-02-10 11:39:26.5260|INFO|webApiTask.Helpers.NLogger|JSON
Method: GET
URL: http://localhost/webApi/api/lists
Controller : webApiTask.Controllers.ToDoListController
Action : Get
Action Parameters : {"messageFormat":"JSON","messageArguments":[{}]}

2017-02-10 11:39:26.5260|INFO|webApiTask.Helpers.NLogger|JSON
Method: GET
URL: http://localhost/webApi/api/Tag
Controller : webApiTask.Controllers.TagController
Action : Get
Action Parameters : {"messageFormat":"JSON","messageArguments":[{}]}

2017-02-10 11:39:32.2018|INFO|webApiTask.Helpers.NLogger|JSON
Method: POST
URL: http://localhost/webApi/api/tags/addTag/d/2150
Controller : webApiTask.Controllers.TagController
Action : Post
Action Parameters : {"messageFormat":"JSON","messageArguments":[{"tag":"d","listId":2150}]}

2017-02-10 11:39:33.8158|INFO|webApiTask.Helpers.NLogger|JSON
Method: DELETE
URL: http://localhost/webApi/api/tags/removeTag/d/2150
Controller : webApiTask.Controllers.TagController
Action : Delete
Action Parameters : {"messageFormat":"JSON","messageArguments":[{"tag":"d","listId":2150}]}

2017-02-10 11:39:34.9264|INFO|webApiTask.Helpers.NLogger|JSON
Method: GET
URL: http://localhost/webApi/api/lists
Controller : webApiTask.Controllers.ToDoListController
Action : Get
Action Parameters : {"messageFormat":"JSON","messageArguments":[{}]}

2017-02-10 11:39:34.9284|INFO|webApiTask.Helpers.NLogger|JSON
Method: GET
URL: http://localhost/webApi/api/Tag
Controller : webApiTask.Controllers.TagController
Action : Get
Action Parameters : {"messageFormat":"JSON","messageArguments":[{}]}

2017-02-10 11:39:43.6504|INFO|webApiTask.Helpers.NLogger|JSON
Method: POST
URL: http://localhost/webApi/api/tags/addTag/tag14/2150
Controller : webApiTask.Controllers.TagController
Action : Post
Action Parameters : {"messageFormat":"JSON","messageArguments":[{"tag":"tag14","listId":2150}]}

2017-02-10 11:39:44.6146|INFO|webApiTask.Helpers.NLogger|JSON
Method: GET
URL: http://localhost/webApi/api/lists
Controller : webApiTask.Controllers.ToDoListController
Action : Get
Action Parameters : {"messageFormat":"JSON","messageArguments":[{}]}

2017-02-10 11:39:44.6146|INFO|webApiTask.Helpers.NLogger|JSON
Method: GET
URL: http://localhost/webApi/api/Tag
Controller : webApiTask.Controllers.TagController
Action : Get
Action Parameters : {"messageFormat":"JSON","messageArguments":[{}]}

2017-02-10 11:39:54.1148|INFO|webApiTask.Helpers.NLogger|JSON
Method: GET
URL: http://localhost/webApi/api/lists
Controller : webApiTask.Controllers.ToDoListController
Action : Get
Action Parameters : {"messageFormat":"JSON","messageArguments":[{}]}

2017-02-10 11:39:54.1148|INFO|webApiTask.Helpers.NLogger|JSON
Method: GET
URL: http://localhost/webApi/api/Tag
Controller : webApiTask.Controllers.TagController
Action : Get
Action Parameters : {"messageFormat":"JSON","messageArguments":[{}]}

2017-02-10 11:39:59.7178|INFO|webApiTask.Helpers.NLogger|JSON
Method: POST
URL: http://localhost/webApi/api/tags/addTag/asdasd/2150
Controller : webApiTask.Controllers.TagController
Action : Post
Action Parameters : {"messageFormat":"JSON","messageArguments":[{"tag":"asdasd","listId":2150}]}

2017-02-10 11:40:01.3142|INFO|webApiTask.Helpers.NLogger|JSON
Method: GET
URL: http://localhost/webApi/api/lists
Controller : webApiTask.Controllers.ToDoListController
Action : Get
Action Parameters : {"messageFormat":"JSON","messageArguments":[{}]}

2017-02-10 11:40:01.3142|INFO|webApiTask.Helpers.NLogger|JSON
Method: GET
URL: http://localhost/webApi/api/Tag
Controller : webApiTask.Controllers.TagController
Action : Get
Action Parameters : {"messageFormat":"JSON","messageArguments":[{}]}

2017-02-10 13:22:15.3518|INFO|webApiTask.Helpers.NLogger|JSON
Method: GET
URL: http://localhost/webApi/api/lists
Controller : webApiTask.Controllers.ToDoListController
Action : Get
Action Parameters : {"messageFormat":"JSON","messageArguments":[{}]}

2017-02-10 13:22:15.3518|INFO|webApiTask.Helpers.NLogger|JSON
Method: GET
URL: http://localhost/webApi/api/Tag
Controller : webApiTask.Controllers.TagController
Action : Get
Action Parameters : {"messageFormat":"JSON","messageArguments":[{}]}

2017-02-10 13:22:16.0148|INFO|webApiTask.Helpers.NLogger|JSON
Method: GET
URL: http://localhost/webApi/api/tags/getTop10
Controller : webApiTask.Controllers.TagController
Action : GetTop10
Action Parameters : {"messageFormat":"JSON","messageArguments":[{}]}

2017-02-10 13:26:06.2473|INFO|webApiTask.Helpers.NLogger|JSON
Method: GET
URL: http://localhost/webApi/api/tags/getTop10
Controller : webApiTask.Controllers.TagController
Action : GetTop10
Action Parameters : {"messageFormat":"JSON","messageArguments":[{}]}

2017-02-10 14:26:37.9664|INFO|webApiTask.Helpers.NLogger|JSON
Method: GET
URL: http://localhost/webApi/api/lists
Controller : webApiTask.Controllers.ToDoListController
Action : Get
Action Parameters : {"messageFormat":"JSON","messageArguments":[{}]}

2017-02-10 14:26:37.9664|INFO|webApiTask.Helpers.NLogger|JSON
Method: GET
URL: http://localhost/webApi/api/Tag
Controller : webApiTask.Controllers.TagController
Action : Get
Action Parameters : {"messageFormat":"JSON","messageArguments":[{}]}

2017-02-10 14:28:13.5678|INFO|webApiTask.Helpers.NLogger|JSON
Method: GET
URL: http://localhost/webApi/api/lists
Controller : webApiTask.Controllers.ToDoListController
Action : Get
Action Parameters : {"messageFormat":"JSON","messageArguments":[{}]}

2017-02-10 14:28:13.5678|INFO|webApiTask.Helpers.NLogger|JSON
Method: GET
URL: http://localhost/webApi/api/Tag
Controller : webApiTask.Controllers.TagController
Action : Get
Action Parameters : {"messageFormat":"JSON","messageArguments":[{}]}

2017-02-10 14:29:18.6486|INFO|webApiTask.Helpers.NLogger|JSON
Method: GET
URL: http://localhost/webApi/api/lists
Controller : webApiTask.Controllers.ToDoListController
Action : Get
Action Parameters : {"messageFormat":"JSON","messageArguments":[{}]}

2017-02-10 14:29:18.6486|INFO|webApiTask.Helpers.NLogger|JSON
Method: GET
URL: http://localhost/webApi/api/Tag
Controller : webApiTask.Controllers.TagController
Action : Get
Action Parameters : {"messageFormat":"JSON","messageArguments":[{}]}

2017-02-10 14:29:50.7750|INFO|webApiTask.Helpers.NLogger|JSON
Method: GET
URL: http://localhost/webApi/api/lists
Controller : webApiTask.Controllers.ToDoListController
Action : Get
Action Parameters : {"messageFormat":"JSON","messageArguments":[{}]}

2017-02-10 14:29:50.7750|INFO|webApiTask.Helpers.NLogger|JSON
Method: GET
URL: http://localhost/webApi/api/Tag
Controller : webApiTask.Controllers.TagController
Action : Get
Action Parameters : {"messageFormat":"JSON","messageArguments":[{}]}

2017-02-10 14:32:44.3315|INFO|webApiTask.Helpers.NLogger|JSON
Method: GET
URL: http://localhost/webApi/api/lists
Controller : webApiTask.Controllers.ToDoListController
Action : Get
Action Parameters : {"messageFormat":"JSON","messageArguments":[{}]}

2017-02-10 14:32:44.3315|INFO|webApiTask.Helpers.NLogger|JSON
Method: GET
URL: http://localhost/webApi/api/Tag
Controller : webApiTask.Controllers.TagController
Action : Get
Action Parameters : {"messageFormat":"JSON","messageArguments":[{}]}

2017-02-10 14:32:50.8532|INFO|webApiTask.Helpers.NLogger|JSON
Method: GET
URL: http://localhost/webApi/api/lists
Controller : webApiTask.Controllers.ToDoListController
Action : Get
Action Parameters : {"messageFormat":"JSON","messageArguments":[{}]}

2017-02-10 14:32:50.8532|INFO|webApiTask.Helpers.NLogger|JSON
Method: GET
URL: http://localhost/webApi/api/Tag
Controller : webApiTask.Controllers.TagController
Action : Get
Action Parameters : {"messageFormat":"JSON","messageArguments":[{}]}

2017-02-10 14:32:55.6517|INFO|webApiTask.Helpers.NLogger|JSON
Method: GET
URL: http://localhost/webApi/api/lists
Controller : webApiTask.Controllers.ToDoListController
Action : Get
Action Parameters : {"messageFormat":"JSON","messageArguments":[{}]}

2017-02-10 14:32:55.6517|INFO|webApiTask.Helpers.NLogger|JSON
Method: GET
URL: http://localhost/webApi/api/Tag
Controller : webApiTask.Controllers.TagController
Action : Get
Action Parameters : {"messageFormat":"JSON","messageArguments":[{}]}

2017-02-10 14:32:59.6041|INFO|webApiTask.Helpers.NLogger|JSON
Method: GET
URL: http://localhost/webApi/api/lists
Controller : webApiTask.Controllers.ToDoListController
Action : Get
Action Parameters : {"messageFormat":"JSON","messageArguments":[{}]}

2017-02-10 14:32:59.6041|INFO|webApiTask.Helpers.NLogger|JSON
Method: GET
URL: http://localhost/webApi/api/Tag
Controller : webApiTask.Controllers.TagController
Action : Get
Action Parameters : {"messageFormat":"JSON","messageArguments":[{}]}

2017-02-10 14:33:04.9118|INFO|webApiTask.Helpers.NLogger|JSON
Method: GET
URL: http://localhost/webApi/api/Tag
Controller : webApiTask.Controllers.TagController
Action : Get
Action Parameters : {"messageFormat":"JSON","messageArguments":[{}]}

2017-02-10 14:33:04.9248|INFO|webApiTask.Helpers.NLogger|JSON
Method: GET
URL: http://localhost/webApi/api/lists
Controller : webApiTask.Controllers.ToDoListController
Action : Get
Action Parameters : {"messageFormat":"JSON","messageArguments":[{}]}

2017-02-10 14:33:09.7324|INFO|webApiTask.Helpers.NLogger|JSON
Method: GET
URL: http://localhost/webApi/api/Tag
Controller : webApiTask.Controllers.TagController
Action : Get
Action Parameters : {"messageFormat":"JSON","messageArguments":[{}]}

2017-02-10 14:33:09.7324|INFO|webApiTask.Helpers.NLogger|JSON
Method: GET
URL: http://localhost/webApi/api/lists
Controller : webApiTask.Controllers.ToDoListController
Action : Get
Action Parameters : {"messageFormat":"JSON","messageArguments":[{}]}

2017-02-10 14:34:12.9294|INFO|webApiTask.Helpers.NLogger|JSON
Method: GET
URL: http://localhost/webApi/api/lists
Controller : webApiTask.Controllers.ToDoListController
Action : Get
Action Parameters : {"messageFormat":"JSON","messageArguments":[{}]}

2017-02-10 14:34:12.9374|INFO|webApiTask.Helpers.NLogger|JSON
Method: GET
URL: http://localhost/webApi/api/Tag
Controller : webApiTask.Controllers.TagController
Action : Get
Action Parameters : {"messageFormat":"JSON","messageArguments":[{}]}

2017-02-10 14:34:58.0821|INFO|webApiTask.Helpers.NLogger|JSON
Method: GET
URL: http://localhost/webApi/api/lists
Controller : webApiTask.Controllers.ToDoListController
Action : Get
Action Parameters : {"messageFormat":"JSON","messageArguments":[{}]}

2017-02-10 14:34:58.0821|INFO|webApiTask.Helpers.NLogger|JSON
Method: GET
URL: http://localhost/webApi/api/Tag
Controller : webApiTask.Controllers.TagController
Action : Get
Action Parameters : {"messageFormat":"JSON","messageArguments":[{}]}

2017-02-10 14:35:37.3522|INFO|webApiTask.Helpers.NLogger|JSON
Method: GET
URL: http://localhost/webApi/api/lists
Controller : webApiTask.Controllers.ToDoListController
Action : Get
Action Parameters : {"messageFormat":"JSON","messageArguments":[{}]}

2017-02-10 14:35:37.3522|INFO|webApiTask.Helpers.NLogger|JSON
Method: GET
URL: http://localhost/webApi/api/Tag
Controller : webApiTask.Controllers.TagController
Action : Get
Action Parameters : {"messageFormat":"JSON","messageArguments":[{}]}

2017-02-10 14:45:48.2558|INFO|webApiTask.Helpers.NLogger|JSON
Method: GET
URL: http://localhost/webApi/api/Tag
Controller : webApiTask.Controllers.TagController
Action : Get
Action Parameters : {"messageFormat":"JSON","messageArguments":[{}]}

2017-02-10 14:45:48.2558|INFO|webApiTask.Helpers.NLogger|JSON
Method: GET
URL: http://localhost/webApi/api/lists
Controller : webApiTask.Controllers.ToDoListController
Action : Get
Action Parameters : {"messageFormat":"JSON","messageArguments":[{}]}

2017-02-10 14:46:50.2030|INFO|webApiTask.Helpers.NLogger|JSON
Method: GET
URL: http://localhost/webApi/api/lists
Controller : webApiTask.Controllers.ToDoListController
Action : Get
Action Parameters : {"messageFormat":"JSON","messageArguments":[{}]}

2017-02-10 14:46:50.2030|INFO|webApiTask.Helpers.NLogger|JSON
Method: GET
URL: http://localhost/webApi/api/Tag
Controller : webApiTask.Controllers.TagController
Action : Get
Action Parameters : {"messageFormat":"JSON","messageArguments":[{}]}

2017-02-10 14:47:48.5722|INFO|webApiTask.Helpers.NLogger|JSON
Method: GET
URL: http://localhost/webApi/api/Tag
Controller : webApiTask.Controllers.TagController
Action : Get
Action Parameters : {"messageFormat":"JSON","messageArguments":[{}]}

2017-02-10 14:47:48.5722|INFO|webApiTask.Helpers.NLogger|JSON
Method: GET
URL: http://localhost/webApi/api/lists
Controller : webApiTask.Controllers.ToDoListController
Action : Get
Action Parameters : {"messageFormat":"JSON","messageArguments":[{}]}

2017-02-10 14:48:25.8293|INFO|webApiTask.Helpers.NLogger|JSON
Method: GET
URL: http://localhost/webApi/api/lists
Controller : webApiTask.Controllers.ToDoListController
Action : Get
Action Parameters : {"messageFormat":"JSON","messageArguments":[{}]}

2017-02-10 14:48:25.8293|INFO|webApiTask.Helpers.NLogger|JSON
Method: GET
URL: http://localhost/webApi/api/Tag
Controller : webApiTask.Controllers.TagController
Action : Get
Action Parameters : {"messageFormat":"JSON","messageArguments":[{}]}

2017-02-10 14:48:40.5770|INFO|webApiTask.Helpers.NLogger|JSON
Method: GET
URL: http://localhost/webApi/api/lists
Controller : webApiTask.Controllers.ToDoListController
Action : Get
Action Parameters : {"messageFormat":"JSON","messageArguments":[{}]}

2017-02-10 14:48:40.5770|INFO|webApiTask.Helpers.NLogger|JSON
Method: GET
URL: http://localhost/webApi/api/Tag
Controller : webApiTask.Controllers.TagController
Action : Get
Action Parameters : {"messageFormat":"JSON","messageArguments":[{}]}

2017-02-10 14:49:10.8110|INFO|webApiTask.Helpers.NLogger|JSON
Method: GET
URL: http://localhost/webApi/api/lists
Controller : webApiTask.Controllers.ToDoListController
Action : Get
Action Parameters : {"messageFormat":"JSON","messageArguments":[{}]}

2017-02-10 14:49:10.8110|INFO|webApiTask.Helpers.NLogger|JSON
Method: GET
URL: http://localhost/webApi/api/Tag
Controller : webApiTask.Controllers.TagController
Action : Get
Action Parameters : {"messageFormat":"JSON","messageArguments":[{}]}

2017-02-10 14:49:29.0783|INFO|webApiTask.Helpers.NLogger|JSON
Method: GET
URL: http://localhost/webApi/api/lists
Controller : webApiTask.Controllers.ToDoListController
Action : Get
Action Parameters : {"messageFormat":"JSON","messageArguments":[{}]}

2017-02-10 14:49:29.0783|INFO|webApiTask.Helpers.NLogger|JSON
Method: GET
URL: http://localhost/webApi/api/Tag
Controller : webApiTask.Controllers.TagController
Action : Get
Action Parameters : {"messageFormat":"JSON","messageArguments":[{}]}

2017-02-10 14:52:37.7265|INFO|webApiTask.Helpers.NLogger|JSON
Method: GET
URL: http://localhost/webApi/api/lists
Controller : webApiTask.Controllers.ToDoListController
Action : Get
Action Parameters : {"messageFormat":"JSON","messageArguments":[{}]}

2017-02-10 14:52:37.7265|INFO|webApiTask.Helpers.NLogger|JSON
Method: GET
URL: http://localhost/webApi/api/Tag
Controller : webApiTask.Controllers.TagController
Action : Get
Action Parameters : {"messageFormat":"JSON","messageArguments":[{}]}

2017-02-10 14:53:01.1329|INFO|webApiTask.Helpers.NLogger|JSON
Method: GET
URL: http://localhost/webApi/api/Tag
Controller : webApiTask.Controllers.TagController
Action : Get
Action Parameters : {"messageFormat":"JSON","messageArguments":[{}]}

2017-02-10 14:53:01.1329|INFO|webApiTask.Helpers.NLogger|JSON
Method: GET
URL: http://localhost/webApi/api/lists
Controller : webApiTask.Controllers.ToDoListController
Action : Get
Action Parameters : {"messageFormat":"JSON","messageArguments":[{}]}

2017-02-10 14:53:58.8770|INFO|webApiTask.Helpers.NLogger|JSON
Method: GET
URL: http://localhost/webApi/api/Tag
Controller : webApiTask.Controllers.TagController
Action : Get
Action Parameters : {"messageFormat":"JSON","messageArguments":[{}]}

2017-02-10 14:53:58.8770|INFO|webApiTask.Helpers.NLogger|JSON
Method: GET
URL: http://localhost/webApi/api/lists
Controller : webApiTask.Controllers.ToDoListController
Action : Get
Action Parameters : {"messageFormat":"JSON","messageArguments":[{}]}

2017-02-10 14:54:31.4435|INFO|webApiTask.Helpers.NLogger|JSON
Method: GET
URL: http://localhost/webApi/api/lists
Controller : webApiTask.Controllers.ToDoListController
Action : Get
Action Parameters : {"messageFormat":"JSON","messageArguments":[{}]}

2017-02-10 14:54:31.4435|INFO|webApiTask.Helpers.NLogger|JSON
Method: GET
URL: http://localhost/webApi/api/Tag
Controller : webApiTask.Controllers.TagController
Action : Get
Action Parameters : {"messageFormat":"JSON","messageArguments":[{}]}

2017-02-10 14:58:23.5651|INFO|webApiTask.Helpers.NLogger|JSON
Method: GET
URL: http://localhost/webApi/api/lists
Controller : webApiTask.Controllers.ToDoListController
Action : Get
Action Parameters : {"messageFormat":"JSON","messageArguments":[{}]}

2017-02-10 14:58:23.5651|INFO|webApiTask.Helpers.NLogger|JSON
Method: GET
URL: http://localhost/webApi/api/Tag
Controller : webApiTask.Controllers.TagController
Action : Get
Action Parameters : {"messageFormat":"JSON","messageArguments":[{}]}

2017-02-10 15:00:05.4965|INFO|webApiTask.Helpers.NLogger|JSON
Method: GET
URL: http://localhost/webApi/api/lists
Controller : webApiTask.Controllers.ToDoListController
Action : Get
Action Parameters : {"messageFormat":"JSON","messageArguments":[{}]}

2017-02-10 15:00:05.4965|INFO|webApiTask.Helpers.NLogger|JSON
Method: GET
URL: http://localhost/webApi/api/Tag
Controller : webApiTask.Controllers.TagController
Action : Get
Action Parameters : {"messageFormat":"JSON","messageArguments":[{}]}

2017-02-10 15:00:54.4554|INFO|webApiTask.Helpers.NLogger|JSON
Method: GET
URL: http://localhost/webApi/api/lists
Controller : webApiTask.Controllers.ToDoListController
Action : Get
Action Parameters : {"messageFormat":"JSON","messageArguments":[{}]}

2017-02-10 15:00:54.4579|INFO|webApiTask.Helpers.NLogger|JSON
Method: GET
URL: http://localhost/webApi/api/Tag
Controller : webApiTask.Controllers.TagController
Action : Get
Action Parameters : {"messageFormat":"JSON","messageArguments":[{}]}

2017-02-10 15:05:19.1730|INFO|webApiTask.Helpers.NLogger|JSON
Method: GET
URL: http://localhost/webApi/api/Tag
Controller : webApiTask.Controllers.TagController
Action : Get
Action Parameters : {"messageFormat":"JSON","messageArguments":[{}]}

2017-02-10 15:05:19.1730|INFO|webApiTask.Helpers.NLogger|JSON
Method: GET
URL: http://localhost/webApi/api/lists
Controller : webApiTask.Controllers.ToDoListController
Action : Get
Action Parameters : {"messageFormat":"JSON","messageArguments":[{}]}

2017-02-10 15:05:57.5443|INFO|webApiTask.Helpers.NLogger|JSON
Method: GET
URL: http://localhost/webApi/api/lists
Controller : webApiTask.Controllers.ToDoListController
Action : Get
Action Parameters : {"messageFormat":"JSON","messageArguments":[{}]}

2017-02-10 15:05:57.5443|INFO|webApiTask.Helpers.NLogger|JSON
Method: GET
URL: http://localhost/webApi/api/Tag
Controller : webApiTask.Controllers.TagController
Action : Get
Action Parameters : {"messageFormat":"JSON","messageArguments":[{}]}

2017-02-10 15:06:10.4652|INFO|webApiTask.Helpers.NLogger|JSON
Method: GET
URL: http://localhost/webApi/api/lists
Controller : webApiTask.Controllers.ToDoListController
Action : Get
Action Parameters : {"messageFormat":"JSON","messageArguments":[{}]}

2017-02-10 15:06:10.4762|INFO|webApiTask.Helpers.NLogger|JSON
Method: GET
URL: http://localhost/webApi/api/Tag
Controller : webApiTask.Controllers.TagController
Action : Get
Action Parameters : {"messageFormat":"JSON","messageArguments":[{}]}

2017-02-10 15:06:38.3051|INFO|webApiTask.Helpers.NLogger|JSON
Method: GET
URL: http://localhost/webApi/api/lists
Controller : webApiTask.Controllers.ToDoListController
Action : Get
Action Parameters : {"messageFormat":"JSON","messageArguments":[{}]}

2017-02-10 15:06:38.3051|INFO|webApiTask.Helpers.NLogger|JSON
Method: GET
URL: http://localhost/webApi/api/Tag
Controller : webApiTask.Controllers.TagController
Action : Get
Action Parameters : {"messageFormat":"JSON","messageArguments":[{}]}

2017-02-10 15:08:53.9730|INFO|webApiTask.Helpers.NLogger|JSON
Method: GET
URL: http://localhost/webApi/api/lists
Controller : webApiTask.Controllers.ToDoListController
Action : Get
Action Parameters : {"messageFormat":"JSON","messageArguments":[{}]}

2017-02-10 15:08:53.9750|INFO|webApiTask.Helpers.NLogger|JSON
Method: GET
URL: http://localhost/webApi/api/Tag
Controller : webApiTask.Controllers.TagController
Action : Get
Action Parameters : {"messageFormat":"JSON","messageArguments":[{}]}

2017-02-10 15:09:05.5265|INFO|webApiTask.Helpers.NLogger|JSON
Method: GET
URL: http://localhost/webApi/api/lists
Controller : webApiTask.Controllers.ToDoListController
Action : Get
Action Parameters : {"messageFormat":"JSON","messageArguments":[{}]}

2017-02-10 15:09:05.5265|INFO|webApiTask.Helpers.NLogger|JSON
Method: GET
URL: http://localhost/webApi/api/Tag
Controller : webApiTask.Controllers.TagController
Action : Get
Action Parameters : {"messageFormat":"JSON","messageArguments":[{}]}

2017-02-10 15:10:16.4944|INFO|webApiTask.Helpers.NLogger|JSON
Method: GET
URL: http://localhost/webApi/api/Tag
Controller : webApiTask.Controllers.TagController
Action : Get
Action Parameters : {"messageFormat":"JSON","messageArguments":[{}]}

2017-02-10 15:10:16.4944|INFO|webApiTask.Helpers.NLogger|JSON
Method: GET
URL: http://localhost/webApi/api/lists
Controller : webApiTask.Controllers.ToDoListController
Action : Get
Action Parameters : {"messageFormat":"JSON","messageArguments":[{}]}

2017-02-10 15:11:28.1947|INFO|webApiTask.Helpers.NLogger|JSON
Method: GET
URL: http://localhost/webApi/api/lists
Controller : webApiTask.Controllers.ToDoListController
Action : Get
Action Parameters : {"messageFormat":"JSON","messageArguments":[{}]}

2017-02-10 15:11:28.1947|INFO|webApiTask.Helpers.NLogger|JSON
Method: GET
URL: http://localhost/webApi/api/Tag
Controller : webApiTask.Controllers.TagController
Action : Get
Action Parameters : {"messageFormat":"JSON","messageArguments":[{}]}

2017-02-10 15:12:20.8166|INFO|webApiTask.Helpers.NLogger|JSON
Method: GET
URL: http://localhost/webApi/api/lists
Controller : webApiTask.Controllers.ToDoListController
Action : Get
Action Parameters : {"messageFormat":"JSON","messageArguments":[{}]}

2017-02-10 15:12:20.8166|INFO|webApiTask.Helpers.NLogger|JSON
Method: GET
URL: http://localhost/webApi/api/Tag
Controller : webApiTask.Controllers.TagController
Action : Get
Action Parameters : {"messageFormat":"JSON","messageArguments":[{}]}

2017-02-10 15:13:06.4593|INFO|webApiTask.Helpers.NLogger|JSON
Method: GET
URL: http://localhost/webApi/api/lists
Controller : webApiTask.Controllers.ToDoListController
Action : Get
Action Parameters : {"messageFormat":"JSON","messageArguments":[{}]}

2017-02-10 15:13:06.4608|INFO|webApiTask.Helpers.NLogger|JSON
Method: GET
URL: http://localhost/webApi/api/Tag
Controller : webApiTask.Controllers.TagController
Action : Get
Action Parameters : {"messageFormat":"JSON","messageArguments":[{}]}

2017-02-10 15:13:24.7496|INFO|webApiTask.Helpers.NLogger|JSON
Method: GET
URL: http://localhost/webApi/api/Tag
Controller : webApiTask.Controllers.TagController
Action : Get
Action Parameters : {"messageFormat":"JSON","messageArguments":[{}]}

2017-02-10 15:13:24.7496|INFO|webApiTask.Helpers.NLogger|JSON
Method: GET
URL: http://localhost/webApi/api/lists
Controller : webApiTask.Controllers.ToDoListController
Action : Get
Action Parameters : {"messageFormat":"JSON","messageArguments":[{}]}

2017-02-10 15:14:30.3423|INFO|webApiTask.Helpers.NLogger|JSON
Method: GET
URL: http://localhost/webApi/api/lists
Controller : webApiTask.Controllers.ToDoListController
Action : Get
Action Parameters : {"messageFormat":"JSON","messageArguments":[{}]}

2017-02-10 15:14:30.3423|INFO|webApiTask.Helpers.NLogger|JSON
Method: GET
URL: http://localhost/webApi/api/Tag
Controller : webApiTask.Controllers.TagController
Action : Get
Action Parameters : {"messageFormat":"JSON","messageArguments":[{}]}

2017-02-10 15:14:54.2599|INFO|webApiTask.Helpers.NLogger|JSON
Method: GET
URL: http://localhost/webApi/api/lists
Controller : webApiTask.Controllers.ToDoListController
Action : Get
Action Parameters : {"messageFormat":"JSON","messageArguments":[{}]}

2017-02-10 15:14:54.2599|INFO|webApiTask.Helpers.NLogger|JSON
Method: GET
URL: http://localhost/webApi/api/Tag
Controller : webApiTask.Controllers.TagController
Action : Get
Action Parameters : {"messageFormat":"JSON","messageArguments":[{}]}

2017-02-10 15:15:17.4880|INFO|webApiTask.Helpers.NLogger|JSON
Method: GET
URL: http://localhost/webApi/api/Tag
Controller : webApiTask.Controllers.TagController
Action : Get
Action Parameters : {"messageFormat":"JSON","messageArguments":[{}]}

2017-02-10 15:15:17.4880|INFO|webApiTask.Helpers.NLogger|JSON
Method: GET
URL: http://localhost/webApi/api/lists
Controller : webApiTask.Controllers.ToDoListController
Action : Get
Action Parameters : {"messageFormat":"JSON","messageArguments":[{}]}

2017-02-10 15:15:57.5767|INFO|webApiTask.Helpers.NLogger|JSON
Method: GET
URL: http://localhost/webApi/api/lists
Controller : webApiTask.Controllers.ToDoListController
Action : Get
Action Parameters : {"messageFormat":"JSON","messageArguments":[{}]}

2017-02-10 15:15:57.5767|INFO|webApiTask.Helpers.NLogger|JSON
Method: GET
URL: http://localhost/webApi/api/Tag
Controller : webApiTask.Controllers.TagController
Action : Get
Action Parameters : {"messageFormat":"JSON","messageArguments":[{}]}

2017-02-10 15:16:15.8382|INFO|webApiTask.Helpers.NLogger|JSON
Method: GET
URL: http://localhost/webApi/api/Tag
Controller : webApiTask.Controllers.TagController
Action : Get
Action Parameters : {"messageFormat":"JSON","messageArguments":[{}]}

2017-02-10 15:16:15.8382|INFO|webApiTask.Helpers.NLogger|JSON
Method: GET
URL: http://localhost/webApi/api/lists
Controller : webApiTask.Controllers.ToDoListController
Action : Get
Action Parameters : {"messageFormat":"JSON","messageArguments":[{}]}

2017-02-10 15:16:23.4255|INFO|webApiTask.Helpers.NLogger|JSON
Method: GET
URL: http://localhost/webApi/api/Tag
Controller : webApiTask.Controllers.TagController
Action : Get
Action Parameters : {"messageFormat":"JSON","messageArguments":[{}]}

2017-02-10 15:16:23.4255|INFO|webApiTask.Helpers.NLogger|JSON
Method: GET
URL: http://localhost/webApi/api/lists
Controller : webApiTask.Controllers.ToDoListController
Action : Get
Action Parameters : {"messageFormat":"JSON","messageArguments":[{}]}

2017-02-10 15:16:30.1652|INFO|webApiTask.Helpers.NLogger|JSON
Method: GET
URL: http://localhost/webApi/api/lists
Controller : webApiTask.Controllers.ToDoListController
Action : Get
Action Parameters : {"messageFormat":"JSON","messageArguments":[{}]}

2017-02-10 15:16:30.1652|INFO|webApiTask.Helpers.NLogger|JSON
Method: GET
URL: http://localhost/webApi/api/Tag
Controller : webApiTask.Controllers.TagController
Action : Get
Action Parameters : {"messageFormat":"JSON","messageArguments":[{}]}

2017-02-10 15:16:36.1252|INFO|webApiTask.Helpers.NLogger|JSON
Method: GET
URL: http://localhost/webApi/api/lists
Controller : webApiTask.Controllers.ToDoListController
Action : Get
Action Parameters : {"messageFormat":"JSON","messageArguments":[{}]}

2017-02-10 15:16:36.1252|INFO|webApiTask.Helpers.NLogger|JSON
Method: GET
URL: http://localhost/webApi/api/Tag
Controller : webApiTask.Controllers.TagController
Action : Get
Action Parameters : {"messageFormat":"JSON","messageArguments":[{}]}

2017-02-10 15:17:48.1746|INFO|webApiTask.Helpers.NLogger|JSON
Method: GET
URL: http://localhost/webApi/api/Tag
Controller : webApiTask.Controllers.TagController
Action : Get
Action Parameters : {"messageFormat":"JSON","messageArguments":[{}]}

2017-02-10 15:17:48.1746|INFO|webApiTask.Helpers.NLogger|JSON
Method: GET
URL: http://localhost/webApi/api/lists
Controller : webApiTask.Controllers.ToDoListController
Action : Get
Action Parameters : {"messageFormat":"JSON","messageArguments":[{}]}

2017-02-10 15:17:58.0340|INFO|webApiTask.Helpers.NLogger|JSON
Method: GET
URL: http://localhost/webApi/api/lists
Controller : webApiTask.Controllers.ToDoListController
Action : Get
Action Parameters : {"messageFormat":"JSON","messageArguments":[{}]}

2017-02-10 15:17:58.0340|INFO|webApiTask.Helpers.NLogger|JSON
Method: GET
URL: http://localhost/webApi/api/Tag
Controller : webApiTask.Controllers.TagController
Action : Get
Action Parameters : {"messageFormat":"JSON","messageArguments":[{}]}

2017-02-10 15:19:26.4814|INFO|webApiTask.Helpers.NLogger|JSON
Method: GET
URL: http://localhost/webApi/api/lists
Controller : webApiTask.Controllers.ToDoListController
Action : Get
Action Parameters : {"messageFormat":"JSON","messageArguments":[{}]}

2017-02-10 15:19:26.4814|INFO|webApiTask.Helpers.NLogger|JSON
Method: GET
URL: http://localhost/webApi/api/Tag
Controller : webApiTask.Controllers.TagController
Action : Get
Action Parameters : {"messageFormat":"JSON","messageArguments":[{}]}

2017-02-10 15:19:38.1803|INFO|webApiTask.Helpers.NLogger|JSON
Method: GET
URL: http://localhost/webApi/api/lists
Controller : webApiTask.Controllers.ToDoListController
Action : Get
Action Parameters : {"messageFormat":"JSON","messageArguments":[{}]}

2017-02-10 15:19:38.1803|INFO|webApiTask.Helpers.NLogger|JSON
Method: GET
URL: http://localhost/webApi/api/Tag
Controller : webApiTask.Controllers.TagController
Action : Get
Action Parameters : {"messageFormat":"JSON","messageArguments":[{}]}

2017-02-10 15:19:53.4365|INFO|webApiTask.Helpers.NLogger|JSON
Method: GET
URL: http://localhost/webApi/api/lists
Controller : webApiTask.Controllers.ToDoListController
Action : Get
Action Parameters : {"messageFormat":"JSON","messageArguments":[{}]}

2017-02-10 15:19:53.4365|INFO|webApiTask.Helpers.NLogger|JSON
Method: GET
URL: http://localhost/webApi/api/Tag
Controller : webApiTask.Controllers.TagController
Action : Get
Action Parameters : {"messageFormat":"JSON","messageArguments":[{}]}

2017-02-10 15:20:23.1437|INFO|webApiTask.Helpers.NLogger|JSON
Method: GET
URL: http://localhost/webApi/api/lists
Controller : webApiTask.Controllers.ToDoListController
Action : Get
Action Parameters : {"messageFormat":"JSON","messageArguments":[{}]}

2017-02-10 15:20:23.1437|INFO|webApiTask.Helpers.NLogger|JSON
Method: GET
URL: http://localhost/webApi/api/Tag
Controller : webApiTask.Controllers.TagController
Action : Get
Action Parameters : {"messageFormat":"JSON","messageArguments":[{}]}

2017-02-10 15:21:13.6802|INFO|webApiTask.Helpers.NLogger|JSON
Method: GET
URL: http://localhost/webApi/api/Tag
Controller : webApiTask.Controllers.TagController
Action : Get
Action Parameters : {"messageFormat":"JSON","messageArguments":[{}]}

2017-02-10 15:21:13.6802|INFO|webApiTask.Helpers.NLogger|JSON
Method: GET
URL: http://localhost/webApi/api/lists
Controller : webApiTask.Controllers.ToDoListController
Action : Get
Action Parameters : {"messageFormat":"JSON","messageArguments":[{}]}

2017-02-10 15:21:21.5503|INFO|webApiTask.Helpers.NLogger|JSON
Method: GET
URL: http://localhost/webApi/api/lists
Controller : webApiTask.Controllers.ToDoListController
Action : Get
Action Parameters : {"messageFormat":"JSON","messageArguments":[{}]}

2017-02-10 15:21:21.5503|INFO|webApiTask.Helpers.NLogger|JSON
Method: GET
URL: http://localhost/webApi/api/Tag
Controller : webApiTask.Controllers.TagController
Action : Get
Action Parameters : {"messageFormat":"JSON","messageArguments":[{}]}

2017-02-10 15:21:42.0049|INFO|webApiTask.Helpers.NLogger|JSON
Method: GET
URL: http://localhost/webApi/api/lists
Controller : webApiTask.Controllers.ToDoListController
Action : Get
Action Parameters : {"messageFormat":"JSON","messageArguments":[{}]}

2017-02-10 15:21:42.0049|INFO|webApiTask.Helpers.NLogger|JSON
Method: GET
URL: http://localhost/webApi/api/Tag
Controller : webApiTask.Controllers.TagController
Action : Get
Action Parameters : {"messageFormat":"JSON","messageArguments":[{}]}

2017-02-10 15:21:50.3922|INFO|webApiTask.Helpers.NLogger|JSON
Method: GET
URL: http://localhost/webApi/api/lists
Controller : webApiTask.Controllers.ToDoListController
Action : Get
Action Parameters : {"messageFormat":"JSON","messageArguments":[{}]}

2017-02-10 15:21:50.3922|INFO|webApiTask.Helpers.NLogger|JSON
Method: GET
URL: http://localhost/webApi/api/Tag
Controller : webApiTask.Controllers.TagController
Action : Get
Action Parameters : {"messageFormat":"JSON","messageArguments":[{}]}

2017-02-10 15:30:22.0955|INFO|webApiTask.Helpers.NLogger|JSON
Method: GET
URL: http://localhost/webApi/api/lists
Controller : webApiTask.Controllers.ToDoListController
Action : Get
Action Parameters : {"messageFormat":"JSON","messageArguments":[{}]}

2017-02-10 15:30:22.0955|INFO|webApiTask.Helpers.NLogger|JSON
Method: GET
URL: http://localhost/webApi/api/Tag
Controller : webApiTask.Controllers.TagController
Action : Get
Action Parameters : {"messageFormat":"JSON","messageArguments":[{}]}

2017-02-10 15:30:22.1140|INFO|webApiTask.Helpers.NLogger|JSON
Method: GET
URL: http://localhost/webApi/api/tags/getTop10
Controller : webApiTask.Controllers.TagController
Action : GetTop10
Action Parameters : {"messageFormat":"JSON","messageArguments":[{}]}

2017-02-10 15:30:52.2920|INFO|webApiTask.Helpers.NLogger|JSON
Method: GET
URL: http://localhost/webApi/api/tags/getTop10
Controller : webApiTask.Controllers.TagController
Action : GetTop10
Action Parameters : {"messageFormat":"JSON","messageArguments":[{}]}

2017-02-10 15:31:43.6672|INFO|webApiTask.Helpers.NLogger|JSON
Method: GET
URL: http://localhost/webApi/api/lists
Controller : webApiTask.Controllers.ToDoListController
Action : Get
Action Parameters : {"messageFormat":"JSON","messageArguments":[{}]}

2017-02-10 15:31:43.6672|INFO|webApiTask.Helpers.NLogger|JSON
Method: GET
URL: http://localhost/webApi/api/Tag
Controller : webApiTask.Controllers.TagController
Action : Get
Action Parameters : {"messageFormat":"JSON","messageArguments":[{}]}

2017-02-10 15:31:43.6672|INFO|webApiTask.Helpers.NLogger|JSON
Method: GET
URL: http://localhost/webApi/api/tags/getTop10
Controller : webApiTask.Controllers.TagController
Action : GetTop10
Action Parameters : {"messageFormat":"JSON","messageArguments":[{}]}

2017-02-10 15:32:08.9665|INFO|webApiTask.Helpers.NLogger|JSON
Method: GET
URL: http://localhost/webApi/api/tags/getTop10
Controller : webApiTask.Controllers.TagController
Action : GetTop10
Action Parameters : {"messageFormat":"JSON","messageArguments":[{}]}

2017-02-10 15:32:25.5240|INFO|webApiTask.Helpers.NLogger|JSON
Method: GET
URL: http://localhost/webApi/api/tags/getTop10
Controller : webApiTask.Controllers.TagController
Action : GetTop10
Action Parameters : {"messageFormat":"JSON","messageArguments":[{}]}

2017-02-10 15:34:42.4158|INFO|webApiTask.Helpers.NLogger|JSON
Method: GET
URL: http://localhost/webApi/api/lists
Controller : webApiTask.Controllers.ToDoListController
Action : Get
Action Parameters : {"messageFormat":"JSON","messageArguments":[{}]}

2017-02-10 15:34:42.4158|INFO|webApiTask.Helpers.NLogger|JSON
Method: GET
URL: http://localhost/webApi/api/Tag
Controller : webApiTask.Controllers.TagController
Action : Get
Action Parameters : {"messageFormat":"JSON","messageArguments":[{}]}

2017-02-10 15:34:42.4378|INFO|webApiTask.Helpers.NLogger|JSON
Method: GET
URL: http://localhost/webApi/api/tags/getTop10
Controller : webApiTask.Controllers.TagController
Action : GetTop10
Action Parameters : {"messageFormat":"JSON","messageArguments":[{}]}

2017-02-10 15:35:33.2281|INFO|webApiTask.Helpers.NLogger|JSON
Method: GET
URL: http://localhost/webApi/api/Tag
Controller : webApiTask.Controllers.TagController
Action : Get
Action Parameters : {"messageFormat":"JSON","messageArguments":[{}]}

2017-02-10 15:35:33.2281|INFO|webApiTask.Helpers.NLogger|JSON
Method: GET
URL: http://localhost/webApi/api/lists
Controller : webApiTask.Controllers.ToDoListController
Action : Get
Action Parameters : {"messageFormat":"JSON","messageArguments":[{}]}

2017-02-10 15:35:33.2541|INFO|webApiTask.Helpers.NLogger|JSON
Method: GET
URL: http://localhost/webApi/api/tags/getTop10
Controller : webApiTask.Controllers.TagController
Action : GetTop10
Action Parameters : {"messageFormat":"JSON","messageArguments":[{}]}

2017-02-10 15:36:32.2125|INFO|webApiTask.Helpers.NLogger|JSON
Method: GET
URL: http://localhost/webApi/api/lists
Controller : webApiTask.Controllers.ToDoListController
Action : Get
Action Parameters : {"messageFormat":"JSON","messageArguments":[{}]}

2017-02-10 15:36:32.2125|INFO|webApiTask.Helpers.NLogger|JSON
Method: GET
URL: http://localhost/webApi/api/Tag
Controller : webApiTask.Controllers.TagController
Action : Get
Action Parameters : {"messageFormat":"JSON","messageArguments":[{}]}

2017-02-10 15:36:32.2260|INFO|webApiTask.Helpers.NLogger|JSON
Method: GET
URL: http://localhost/webApi/api/tags/getTop10
Controller : webApiTask.Controllers.TagController
Action : GetTop10
Action Parameters : {"messageFormat":"JSON","messageArguments":[{}]}

2017-02-10 15:36:55.9456|INFO|webApiTask.Helpers.NLogger|JSON
Method: GET
URL: http://localhost/webApi/api/lists
Controller : webApiTask.Controllers.ToDoListController
Action : Get
Action Parameters : {"messageFormat":"JSON","messageArguments":[{}]}

2017-02-10 15:36:55.9456|INFO|webApiTask.Helpers.NLogger|JSON
Method: GET
URL: http://localhost/webApi/api/Tag
Controller : webApiTask.Controllers.TagController
Action : Get
Action Parameters : {"messageFormat":"JSON","messageArguments":[{}]}

2017-02-10 15:36:55.9576|INFO|webApiTask.Helpers.NLogger|JSON
Method: GET
URL: http://localhost/webApi/api/tags/getTop10
Controller : webApiTask.Controllers.TagController
Action : GetTop10
Action Parameters : {"messageFormat":"JSON","messageArguments":[{}]}

2017-02-10 15:38:52.5369|INFO|webApiTask.Helpers.NLogger|JSON
Method: GET
URL: http://localhost/webApi/api/lists
Controller : webApiTask.Controllers.ToDoListController
Action : Get
Action Parameters : {"messageFormat":"JSON","messageArguments":[{}]}

2017-02-10 15:38:52.5369|INFO|webApiTask.Helpers.NLogger|JSON
Method: GET
URL: http://localhost/webApi/api/Tag
Controller : webApiTask.Controllers.TagController
Action : Get
Action Parameters : {"messageFormat":"JSON","messageArguments":[{}]}

2017-02-10 15:38:52.5517|INFO|webApiTask.Helpers.NLogger|JSON
Method: GET
URL: http://localhost/webApi/api/tags/getTop10
Controller : webApiTask.Controllers.TagController
Action : GetTop10
Action Parameters : {"messageFormat":"JSON","messageArguments":[{}]}

2017-02-10 15:39:05.8680|INFO|webApiTask.Helpers.NLogger|JSON
Method: POST
URL: http://localhost/webApi/api/tags/addTag/sdf/1135
Controller : webApiTask.Controllers.TagController
Action : Post
Action Parameters : {"messageFormat":"JSON","messageArguments":[{"tag":"sdf","listId":1135}]}

2017-02-10 15:39:07.4881|INFO|webApiTask.Helpers.NLogger|JSON
Method: POST
URL: http://localhost/webApi/api/ToDoList
Controller : webApiTask.Controllers.ToDoListController
Action : Post
Action Parameters : {"messageFormat":"JSON","messageArguments":[{"list":{"Id":0,"Name":"newList","Items":[{"Id":0,"Text":"newItem","Priority":0,"IsCompleted":false,"IsNotify":false,"NextNotifyTime":null,"ToDoList":null,"ToDoList_Id":0,"Created":"0001-01-01T00:00:00","Modified":null}],"User":null,"User_Id":0,"Created":"0001-01-01T00:00:00","Modified":null}}]}

2017-02-10 15:39:10.9036|INFO|webApiTask.Helpers.NLogger|JSON
Method: POST
URL: http://localhost/webApi/api/tags/addTag/sdf/2152
Controller : webApiTask.Controllers.TagController
Action : Post
Action Parameters : {"messageFormat":"JSON","messageArguments":[{"tag":"sdf","listId":2152}]}

2017-02-10 15:39:13.4716|INFO|webApiTask.Helpers.NLogger|JSON
Method: POST
URL: http://localhost/webApi/api/ToDoList
Controller : webApiTask.Controllers.ToDoListController
Action : Post
Action Parameters : {"messageFormat":"JSON","messageArguments":[{"list":{"Id":0,"Name":"newList","Items":[{"Id":0,"Text":"newItem","Priority":0,"IsCompleted":false,"IsNotify":false,"NextNotifyTime":null,"ToDoList":null,"ToDoList_Id":0,"Created":"0001-01-01T00:00:00","Modified":null}],"User":null,"User_Id":0,"Created":"0001-01-01T00:00:00","Modified":null}}]}

2017-02-10 15:39:16.8080|INFO|webApiTask.Helpers.NLogger|JSON
Method: POST
URL: http://localhost/webApi/api/tags/addTag/sdf/2153
Controller : webApiTask.Controllers.TagController
Action : Post
Action Parameters : {"messageFormat":"JSON","messageArguments":[{"tag":"sdf","listId":2153}]}

2017-02-10 15:39:22.0559|INFO|webApiTask.Helpers.NLogger|JSON
Method: GET
URL: http://localhost/webApi/api/lists
Controller : webApiTask.Controllers.ToDoListController
Action : Get
Action Parameters : {"messageFormat":"JSON","messageArguments":[{}]}

2017-02-10 15:39:22.0559|INFO|webApiTask.Helpers.NLogger|JSON
Method: GET
URL: http://localhost/webApi/api/Tag
Controller : webApiTask.Controllers.TagController
Action : Get
Action Parameters : {"messageFormat":"JSON","messageArguments":[{}]}

2017-02-10 15:39:22.0814|INFO|webApiTask.Helpers.NLogger|JSON
Method: GET
URL: http://localhost/webApi/api/tags/getTop10
Controller : webApiTask.Controllers.TagController
Action : GetTop10
Action Parameters : {"messageFormat":"JSON","messageArguments":[{}]}

2017-02-10 15:39:26.4660|INFO|webApiTask.Helpers.NLogger|JSON
Method: GET
URL: http://localhost/webApi/api/Tag
Controller : webApiTask.Controllers.TagController
Action : Get
Action Parameters : {"messageFormat":"JSON","messageArguments":[{}]}

2017-02-10 15:39:26.4660|INFO|webApiTask.Helpers.NLogger|JSON
Method: GET
URL: http://localhost/webApi/api/lists
Controller : webApiTask.Controllers.ToDoListController
Action : Get
Action Parameters : {"messageFormat":"JSON","messageArguments":[{}]}

2017-02-10 15:39:26.4820|INFO|webApiTask.Helpers.NLogger|JSON
Method: GET
URL: http://localhost/webApi/api/tags/getTop10
Controller : webApiTask.Controllers.TagController
Action : GetTop10
Action Parameters : {"messageFormat":"JSON","messageArguments":[{}]}

2017-02-10 15:39:32.2886|INFO|webApiTask.Helpers.NLogger|JSON
Method: GET
URL: http://localhost/webApi/api/Tag
Controller : webApiTask.Controllers.TagController
Action : Get
Action Parameters : {"messageFormat":"JSON","messageArguments":[{}]}

2017-02-10 15:39:32.2886|INFO|webApiTask.Helpers.NLogger|JSON
Method: GET
URL: http://localhost/webApi/api/lists
Controller : webApiTask.Controllers.ToDoListController
Action : Get
Action Parameters : {"messageFormat":"JSON","messageArguments":[{}]}

2017-02-10 15:39:32.2886|INFO|webApiTask.Helpers.NLogger|JSON
Method: GET
URL: http://localhost/webApi/api/tags/getTop10
Controller : webApiTask.Controllers.TagController
Action : GetTop10
Action Parameters : {"messageFormat":"JSON","messageArguments":[{}]}

2017-02-10 15:39:41.6497|INFO|webApiTask.Helpers.NLogger|JSON
Method: POST
URL: http://localhost/webApi/api/tags/addTag/slava/1135
Controller : webApiTask.Controllers.TagController
Action : Post
Action Parameters : {"messageFormat":"JSON","messageArguments":[{"tag":"slava","listId":1135}]}

2017-02-10 15:39:46.0560|INFO|webApiTask.Helpers.NLogger|JSON
Method: GET
URL: http://localhost/webApi/api/Tag
Controller : webApiTask.Controllers.TagController
Action : Get
Action Parameters : {"messageFormat":"JSON","messageArguments":[{}]}

2017-02-10 15:39:46.0560|INFO|webApiTask.Helpers.NLogger|JSON
Method: GET
URL: http://localhost/webApi/api/lists
Controller : webApiTask.Controllers.ToDoListController
Action : Get
Action Parameters : {"messageFormat":"JSON","messageArguments":[{}]}

2017-02-10 15:39:46.0730|INFO|webApiTask.Helpers.NLogger|JSON
Method: GET
URL: http://localhost/webApi/api/tags/getTop10
Controller : webApiTask.Controllers.TagController
Action : GetTop10
Action Parameters : {"messageFormat":"JSON","messageArguments":[{}]}

2017-02-10 15:39:53.6977|INFO|webApiTask.Helpers.NLogger|JSON
Method: GET
URL: http://localhost/webApi/api/lists
Controller : webApiTask.Controllers.ToDoListController
Action : Get
Action Parameters : {"messageFormat":"JSON","messageArguments":[{}]}

2017-02-10 15:39:53.6977|INFO|webApiTask.Helpers.NLogger|JSON
Method: GET
URL: http://localhost/webApi/api/Tag
Controller : webApiTask.Controllers.TagController
Action : Get
Action Parameters : {"messageFormat":"JSON","messageArguments":[{}]}

2017-02-10 15:39:53.7127|INFO|webApiTask.Helpers.NLogger|JSON
Method: GET
URL: http://localhost/webApi/api/tags/getTop10
Controller : webApiTask.Controllers.TagController
Action : GetTop10
Action Parameters : {"messageFormat":"JSON","messageArguments":[{}]}

2017-02-10 15:40:42.5507|INFO|webApiTask.Helpers.NLogger|JSON
Method: GET
URL: http://localhost/webApi/api/Tag
Controller : webApiTask.Controllers.TagController
Action : Get
Action Parameters : {"messageFormat":"JSON","messageArguments":[{}]}

2017-02-10 15:40:42.5507|INFO|webApiTask.Helpers.NLogger|JSON
Method: GET
URL: http://localhost/webApi/api/lists
Controller : webApiTask.Controllers.ToDoListController
Action : Get
Action Parameters : {"messageFormat":"JSON","messageArguments":[{}]}

2017-02-10 15:40:43.9681|INFO|webApiTask.Helpers.NLogger|JSON
Method: GET
URL: http://localhost/webApi/api/tags/getTop10
Controller : webApiTask.Controllers.TagController
Action : GetTop10
Action Parameters : {"messageFormat":"JSON","messageArguments":[{}]}

2017-02-10 15:40:51.6147|INFO|webApiTask.Helpers.NLogger|JSON
Method: GET
URL: http://localhost/webApi/api/lists
Controller : webApiTask.Controllers.ToDoListController
Action : Get
Action Parameters : {"messageFormat":"JSON","messageArguments":[{}]}

2017-02-10 15:40:51.6147|INFO|webApiTask.Helpers.NLogger|JSON
Method: GET
URL: http://localhost/webApi/api/Tag
Controller : webApiTask.Controllers.TagController
Action : Get
Action Parameters : {"messageFormat":"JSON","messageArguments":[{}]}

2017-02-10 15:40:52.8164|INFO|webApiTask.Helpers.NLogger|JSON
Method: GET
URL: http://localhost/webApi/api/tags/getTop10
Controller : webApiTask.Controllers.TagController
Action : GetTop10
Action Parameters : {"messageFormat":"JSON","messageArguments":[{}]}

2017-02-10 15:40:55.3161|INFO|webApiTask.Helpers.NLogger|JSON
Method: GET
URL: http://localhost/webApi/api/lists
Controller : webApiTask.Controllers.ToDoListController
Action : Get
Action Parameters : {"messageFormat":"JSON","messageArguments":[{}]}

2017-02-10 15:40:55.3161|INFO|webApiTask.Helpers.NLogger|JSON
Method: GET
URL: http://localhost/webApi/api/Tag
Controller : webApiTask.Controllers.TagController
Action : Get
Action Parameters : {"messageFormat":"JSON","messageArguments":[{}]}

2017-02-10 15:41:09.6753|INFO|webApiTask.Helpers.NLogger|JSON
Method: GET
URL: http://localhost/webApi/api/lists
Controller : webApiTask.Controllers.ToDoListController
Action : Get
Action Parameters : {"messageFormat":"JSON","messageArguments":[{}]}

2017-02-10 15:41:09.6753|INFO|webApiTask.Helpers.NLogger|JSON
Method: GET
URL: http://localhost/webApi/api/Tag
Controller : webApiTask.Controllers.TagController
Action : Get
Action Parameters : {"messageFormat":"JSON","messageArguments":[{}]}

2017-02-10 15:41:10.5042|INFO|webApiTask.Helpers.NLogger|JSON
Method: GET
URL: http://localhost/webApi/api/tags/getTop10
Controller : webApiTask.Controllers.TagController
Action : GetTop10
Action Parameters : {"messageFormat":"JSON","messageArguments":[{}]}

2017-02-10 15:41:16.4644|INFO|webApiTask.Helpers.NLogger|JSON
Method: GET
URL: http://localhost/webApi/api/lists
Controller : webApiTask.Controllers.ToDoListController
Action : Get
Action Parameters : {"messageFormat":"JSON","messageArguments":[{}]}

2017-02-10 15:41:16.4754|INFO|webApiTask.Helpers.NLogger|JSON
Method: GET
URL: http://localhost/webApi/api/Tag
Controller : webApiTask.Controllers.TagController
Action : Get
Action Parameters : {"messageFormat":"JSON","messageArguments":[{}]}

2017-02-10 15:41:47.2956|INFO|webApiTask.Helpers.NLogger|JSON
Method: GET
URL: http://localhost/webApi/api/Tag
Controller : webApiTask.Controllers.TagController
Action : Get
Action Parameters : {"messageFormat":"JSON","messageArguments":[{}]}

2017-02-10 15:41:47.2956|INFO|webApiTask.Helpers.NLogger|JSON
Method: GET
URL: http://localhost/webApi/api/lists
Controller : webApiTask.Controllers.ToDoListController
Action : Get
Action Parameters : {"messageFormat":"JSON","messageArguments":[{}]}

2017-02-10 15:41:48.2487|INFO|webApiTask.Helpers.NLogger|JSON
Method: GET
URL: http://localhost/webApi/api/tags/getTop10
Controller : webApiTask.Controllers.TagController
Action : GetTop10
Action Parameters : {"messageFormat":"JSON","messageArguments":[{}]}

2017-02-10 15:43:02.0888|INFO|webApiTask.Helpers.NLogger|JSON
Method: GET
URL: http://localhost/webApi/api/lists
Controller : webApiTask.Controllers.ToDoListController
Action : Get
Action Parameters : {"messageFormat":"JSON","messageArguments":[{}]}

2017-02-10 15:43:02.0888|INFO|webApiTask.Helpers.NLogger|JSON
Method: GET
URL: http://localhost/webApi/api/Tag
Controller : webApiTask.Controllers.TagController
Action : Get
Action Parameters : {"messageFormat":"JSON","messageArguments":[{}]}

2017-02-10 15:43:02.9698|INFO|webApiTask.Helpers.NLogger|JSON
Method: GET
URL: http://localhost/webApi/api/tags/getTop10
Controller : webApiTask.Controllers.TagController
Action : GetTop10
Action Parameters : {"messageFormat":"JSON","messageArguments":[{}]}

2017-02-10 15:43:07.9365|INFO|webApiTask.Helpers.NLogger|JSON
Method: GET
URL: http://localhost/webApi/api/tags/getTop10
Controller : webApiTask.Controllers.TagController
Action : GetTop10
Action Parameters : {"messageFormat":"JSON","messageArguments":[{}]}

2017-02-10 15:43:15.6095|INFO|webApiTask.Helpers.NLogger|JSON
Method: GET
URL: http://localhost/webApi/api/lists
Controller : webApiTask.Controllers.ToDoListController
Action : Get
Action Parameters : {"messageFormat":"JSON","messageArguments":[{}]}

2017-02-10 15:43:15.6095|INFO|webApiTask.Helpers.NLogger|JSON
Method: GET
URL: http://localhost/webApi/api/Tag
Controller : webApiTask.Controllers.TagController
Action : Get
Action Parameters : {"messageFormat":"JSON","messageArguments":[{}]}

2017-02-10 15:43:16.5448|INFO|webApiTask.Helpers.NLogger|JSON
Method: GET
URL: http://localhost/webApi/api/tags/getTop10
Controller : webApiTask.Controllers.TagController
Action : GetTop10
Action Parameters : {"messageFormat":"JSON","messageArguments":[{}]}

2017-02-10 15:43:21.4558|INFO|webApiTask.Helpers.NLogger|JSON
Method: GET
URL: http://localhost/webApi/api/lists
Controller : webApiTask.Controllers.ToDoListController
Action : Get
Action Parameters : {"messageFormat":"JSON","messageArguments":[{}]}

2017-02-10 15:43:21.4578|INFO|webApiTask.Helpers.NLogger|JSON
Method: GET
URL: http://localhost/webApi/api/Tag
Controller : webApiTask.Controllers.TagController
Action : Get
Action Parameters : {"messageFormat":"JSON","messageArguments":[{}]}

2017-02-10 15:43:22.2969|INFO|webApiTask.Helpers.NLogger|JSON
Method: GET
URL: http://localhost/webApi/api/tags/getTop10
Controller : webApiTask.Controllers.TagController
Action : GetTop10
Action Parameters : {"messageFormat":"JSON","messageArguments":[{}]}

2017-02-10 15:43:23.9045|INFO|webApiTask.Helpers.NLogger|JSON
Method: GET
URL: http://localhost/webApi/api/tags/getTop10
Controller : webApiTask.Controllers.TagController
Action : GetTop10
Action Parameters : {"messageFormat":"JSON","messageArguments":[{}]}

2017-02-10 15:43:26.2806|INFO|webApiTask.Helpers.NLogger|JSON
Method: GET
URL: http://localhost/webApi/api/tags/getTop10
Controller : webApiTask.Controllers.TagController
Action : GetTop10
Action Parameters : {"messageFormat":"JSON","messageArguments":[{}]}

2017-02-10 15:43:33.9307|INFO|webApiTask.Helpers.NLogger|JSON
Method: POST
URL: http://localhost/webApi/api/tags/addTag/qwe/1132
Controller : webApiTask.Controllers.TagController
Action : Post
Action Parameters : {"messageFormat":"JSON","messageArguments":[{"tag":"qwe","listId":1132}]}

2017-02-10 15:43:35.4568|INFO|webApiTask.Helpers.NLogger|JSON
Method: GET
URL: http://localhost/webApi/api/tags/getTop10
Controller : webApiTask.Controllers.TagController
Action : GetTop10
Action Parameters : {"messageFormat":"JSON","messageArguments":[{}]}

2017-02-10 15:43:41.9064|INFO|webApiTask.Helpers.NLogger|JSON
Method: GET
URL: http://localhost/webApi/api/lists
Controller : webApiTask.Controllers.ToDoListController
Action : Get
Action Parameters : {"messageFormat":"JSON","messageArguments":[{}]}

2017-02-10 15:43:41.9064|INFO|webApiTask.Helpers.NLogger|JSON
Method: GET
URL: http://localhost/webApi/api/Tag
Controller : webApiTask.Controllers.TagController
Action : Get
Action Parameters : {"messageFormat":"JSON","messageArguments":[{}]}

2017-02-10 15:43:47.5051|INFO|webApiTask.Helpers.NLogger|JSON
Method: GET
URL: http://localhost/webApi/api/tags/getTop10
Controller : webApiTask.Controllers.TagController
Action : GetTop10
Action Parameters : {"messageFormat":"JSON","messageArguments":[{}]}

2017-02-10 15:43:50.1788|INFO|webApiTask.Helpers.NLogger|JSON
Method: DELETE
URL: http://localhost/webApi/api/tags/removeTag/sdf/2150
Controller : webApiTask.Controllers.TagController
Action : Delete
Action Parameters : {"messageFormat":"JSON","messageArguments":[{"tag":"sdf","listId":2150}]}

2017-02-10 15:43:51.0328|INFO|webApiTask.Helpers.NLogger|JSON
Method: GET
URL: http://localhost/webApi/api/tags/getTop10
Controller : webApiTask.Controllers.TagController
Action : GetTop10
Action Parameters : {"messageFormat":"JSON","messageArguments":[{}]}

2017-02-10 15:43:55.6174|INFO|webApiTask.Helpers.NLogger|JSON
Method: GET
URL: http://localhost/webApi/api/lists
Controller : webApiTask.Controllers.ToDoListController
Action : Get
Action Parameters : {"messageFormat":"JSON","messageArguments":[{}]}

2017-02-10 15:43:55.6174|INFO|webApiTask.Helpers.NLogger|JSON
Method: GET
URL: http://localhost/webApi/api/Tag
Controller : webApiTask.Controllers.TagController
Action : Get
Action Parameters : {"messageFormat":"JSON","messageArguments":[{}]}

2017-02-10 15:44:43.6608|INFO|webApiTask.Helpers.NLogger|JSON
Method: GET
URL: http://localhost/webApi/api/tags/getTop10
Controller : webApiTask.Controllers.TagController
Action : GetTop10
Action Parameters : {"messageFormat":"JSON","messageArguments":[{}]}

2017-02-10 15:44:46.0502|INFO|webApiTask.Helpers.NLogger|JSON
Method: GET
URL: http://localhost/webApi/api/tags/getTop10
Controller : webApiTask.Controllers.TagController
Action : GetTop10
Action Parameters : {"messageFormat":"JSON","messageArguments":[{}]}

2017-02-10 15:44:48.5371|INFO|webApiTask.Helpers.NLogger|JSON
Method: GET
URL: http://localhost/webApi/api/tags/getTop10
Controller : webApiTask.Controllers.TagController
Action : GetTop10
Action Parameters : {"messageFormat":"JSON","messageArguments":[{}]}

2017-02-10 15:44:50.8812|INFO|webApiTask.Helpers.NLogger|JSON
Method: GET
URL: http://localhost/webApi/api/tags/getTop10
Controller : webApiTask.Controllers.TagController
Action : GetTop10
Action Parameters : {"messageFormat":"JSON","messageArguments":[{}]}

2017-02-10 16:10:18.9857|INFO|webApiTask.Helpers.NLogger|JSON
Method: GET
URL: http://localhost/webApi/api/tags/getTop10
Controller : webApiTask.Controllers.TagController
Action : GetTop10
Action Parameters : {"messageFormat":"JSON","messageArguments":[{}]}

2017-02-10 16:10:19.1449|INFO|webApiTask.Helpers.NLogger|JSON
Method: GET
URL: http://localhost/webApi/api/tags/getTop10
Controller : webApiTask.Controllers.TagController
Action : GetTop10
Action Parameters : {"messageFormat":"JSON","messageArguments":[{}]}

2017-02-10 16:10:26.6013|INFO|webApiTask.Helpers.NLogger|JSON
Method: GET
URL: http://localhost/webApi/api/lists
Controller : webApiTask.Controllers.ToDoListController
Action : Get
Action Parameters : {"messageFormat":"JSON","messageArguments":[{}]}

2017-02-10 16:10:26.6013|INFO|webApiTask.Helpers.NLogger|JSON
Method: GET
URL: http://localhost/webApi/api/Tag
Controller : webApiTask.Controllers.TagController
Action : Get
Action Parameters : {"messageFormat":"JSON","messageArguments":[{}]}

2017-02-10 16:11:58.8780|INFO|webApiTask.Helpers.NLogger|JSON
Method: GET
URL: http://localhost/webApi/api/tags/getTop10
Controller : webApiTask.Controllers.TagController
Action : GetTop10
Action Parameters : {"messageFormat":"JSON","messageArguments":[{}]}

2017-02-10 16:12:04.8925|INFO|webApiTask.Helpers.NLogger|JSON
Method: GET
URL: http://localhost/webApi/api/tags/getTop10
Controller : webApiTask.Controllers.TagController
Action : GetTop10
Action Parameters : {"messageFormat":"JSON","messageArguments":[{}]}

2017-02-10 16:12:52.9652|INFO|webApiTask.Helpers.NLogger|JSON
Method: GET
URL: http://localhost/webApi/api/tags/getTop10
Controller : webApiTask.Controllers.TagController
Action : GetTop10
Action Parameters : {"messageFormat":"JSON","messageArguments":[{}]}

2017-02-10 16:12:58.2280|INFO|webApiTask.Helpers.NLogger|JSON
Method: DELETE
URL: http://localhost/webApi/api/tags/removeTag/tag1/1095
Controller : webApiTask.Controllers.TagController
Action : Delete
Action Parameters : {"messageFormat":"JSON","messageArguments":[{"tag":"tag1","listId":1095}]}

2017-02-10 16:12:59.1244|INFO|webApiTask.Helpers.NLogger|JSON
Method: GET
URL: http://localhost/webApi/api/tags/getTop10
Controller : webApiTask.Controllers.TagController
Action : GetTop10
Action Parameters : {"messageFormat":"JSON","messageArguments":[{}]}

2017-02-10 16:13:07.1023|INFO|webApiTask.Helpers.NLogger|JSON
Method: GET
URL: http://localhost/webApi/api/lists/GetByName/newyear
Controller : webApiTask.Controllers.ToDoListController
Action : Get
Action Parameters : {"messageFormat":"JSON","messageArguments":[{"tagName":"newyear"}]}

2017-02-10 16:13:07.1339|INFO|webApiTask.Helpers.NLogger|JSON
Method: GET
URL: http://localhost/webApi/api/lists/GetByName/newyear
Controller : webApiTask.Controllers.ToDoListController
Action : Get
Action Parameters : {"messageFormat":"JSON","messageArguments":[{"tagName":"newyear"}]}

2017-02-10 16:13:07.1429|INFO|webApiTask.Helpers.NLogger|JSON
Method: GET
URL: http://localhost/webApi/api/lists/GetByName/newyear
Controller : webApiTask.Controllers.ToDoListController
Action : Get
Action Parameters : {"messageFormat":"JSON","messageArguments":[{"tagName":"newyear"}]}

2017-02-10 16:13:07.1429|INFO|webApiTask.Helpers.NLogger|JSON
Method: GET
URL: http://localhost/webApi/api/lists/GetByName/newyear
Controller : webApiTask.Controllers.ToDoListController
Action : Get
Action Parameters : {"messageFormat":"JSON","messageArguments":[{"tagName":"newyear"}]}

2017-02-10 16:13:07.1629|INFO|webApiTask.Helpers.NLogger|JSON
Method: GET
URL: http://localhost/webApi/api/lists/GetByName/newyear
Controller : webApiTask.Controllers.ToDoListController
Action : Get
Action Parameters : {"messageFormat":"JSON","messageArguments":[{"tagName":"newyear"}]}

2017-02-10 16:13:07.1729|INFO|webApiTask.Helpers.NLogger|JSON
Method: GET
URL: http://localhost/webApi/api/lists/GetByName/newyear
Controller : webApiTask.Controllers.ToDoListController
Action : Get
Action Parameters : {"messageFormat":"JSON","messageArguments":[{"tagName":"newyear"}]}

2017-02-10 16:13:09.4924|INFO|webApiTask.Helpers.NLogger|JSON
Method: GET
URL: http://localhost/webApi/api/lists
Controller : webApiTask.Controllers.ToDoListController
Action : Get
Action Parameters : {"messageFormat":"JSON","messageArguments":[{}]}

2017-02-10 16:13:09.4924|INFO|webApiTask.Helpers.NLogger|JSON
Method: GET
URL: http://localhost/webApi/api/Tag
Controller : webApiTask.Controllers.TagController
Action : Get
Action Parameters : {"messageFormat":"JSON","messageArguments":[{}]}

2017-02-10 16:13:10.5980|INFO|webApiTask.Helpers.NLogger|JSON
Method: GET
URL: http://localhost/webApi/api/lists/GetByName/asd
Controller : webApiTask.Controllers.ToDoListController
Action : Get
Action Parameters : {"messageFormat":"JSON","messageArguments":[{"tagName":"asd"}]}

2017-02-10 16:13:10.6100|INFO|webApiTask.Helpers.NLogger|JSON
Method: GET
URL: http://localhost/webApi/api/lists/GetByName/asd
Controller : webApiTask.Controllers.ToDoListController
Action : Get
Action Parameters : {"messageFormat":"JSON","messageArguments":[{"tagName":"asd"}]}

2017-02-10 16:13:10.6100|INFO|webApiTask.Helpers.NLogger|JSON
Method: GET
URL: http://localhost/webApi/api/lists/GetByName/asd
Controller : webApiTask.Controllers.ToDoListController
Action : Get
Action Parameters : {"messageFormat":"JSON","messageArguments":[{"tagName":"asd"}]}

2017-02-10 16:13:10.6350|INFO|webApiTask.Helpers.NLogger|JSON
Method: GET
URL: http://localhost/webApi/api/lists/GetByName/asd
Controller : webApiTask.Controllers.ToDoListController
Action : Get
Action Parameters : {"messageFormat":"JSON","messageArguments":[{"tagName":"asd"}]}

2017-02-10 16:13:10.6990|INFO|webApiTask.Helpers.NLogger|JSON
Method: GET
URL: http://localhost/webApi/api/lists/GetByName/asd
Controller : webApiTask.Controllers.ToDoListController
Action : Get
Action Parameters : {"messageFormat":"JSON","messageArguments":[{"tagName":"asd"}]}

2017-02-10 16:13:12.1817|INFO|webApiTask.Helpers.NLogger|JSON
Method: GET
URL: http://localhost/webApi/api/lists
Controller : webApiTask.Controllers.ToDoListController
Action : Get
Action Parameters : {"messageFormat":"JSON","messageArguments":[{}]}

2017-02-10 16:13:13.5644|INFO|webApiTask.Helpers.NLogger|JSON
Method: GET
URL: http://localhost/webApi/api/lists/GetByName/asd
Controller : webApiTask.Controllers.ToDoListController
Action : Get
Action Parameters : {"messageFormat":"JSON","messageArguments":[{"tagName":"asd"}]}

2017-02-10 16:13:13.5644|INFO|webApiTask.Helpers.NLogger|JSON
Method: GET
URL: http://localhost/webApi/api/lists/GetByName/asd
Controller : webApiTask.Controllers.ToDoListController
Action : Get
Action Parameters : {"messageFormat":"JSON","messageArguments":[{"tagName":"asd"}]}

2017-02-10 16:13:13.5864|INFO|webApiTask.Helpers.NLogger|JSON
Method: GET
URL: http://localhost/webApi/api/lists/GetByName/asd
Controller : webApiTask.Controllers.ToDoListController
Action : Get
Action Parameters : {"messageFormat":"JSON","messageArguments":[{"tagName":"asd"}]}

2017-02-10 16:13:13.5984|INFO|webApiTask.Helpers.NLogger|JSON
Method: GET
URL: http://localhost/webApi/api/lists/GetByName/asd
Controller : webApiTask.Controllers.ToDoListController
Action : Get
Action Parameters : {"messageFormat":"JSON","messageArguments":[{"tagName":"asd"}]}

2017-02-10 16:13:13.6214|INFO|webApiTask.Helpers.NLogger|JSON
Method: GET
URL: http://localhost/webApi/api/lists/GetByName/asd
Controller : webApiTask.Controllers.ToDoListController
Action : Get
Action Parameters : {"messageFormat":"JSON","messageArguments":[{"tagName":"asd"}]}

2017-02-10 16:13:15.2123|INFO|webApiTask.Helpers.NLogger|JSON
Method: GET
URL: http://localhost/webApi/api/lists
Controller : webApiTask.Controllers.ToDoListController
Action : Get
Action Parameters : {"messageFormat":"JSON","messageArguments":[{}]}

2017-02-10 16:13:19.8777|INFO|webApiTask.Helpers.NLogger|JSON
Method: POST
URL: http://localhost/webApi/api/tags/addTag/tag1/1095
Controller : webApiTask.Controllers.TagController
Action : Post
Action Parameters : {"messageFormat":"JSON","messageArguments":[{"tag":"tag1","listId":1095}]}

2017-02-10 16:13:20.8768|INFO|webApiTask.Helpers.NLogger|JSON
Method: GET
URL: http://localhost/webApi/api/lists
Controller : webApiTask.Controllers.ToDoListController
Action : Get
Action Parameters : {"messageFormat":"JSON","messageArguments":[{}]}

2017-02-10 16:13:20.8768|INFO|webApiTask.Helpers.NLogger|JSON
Method: GET
URL: http://localhost/webApi/api/Tag
Controller : webApiTask.Controllers.TagController
Action : Get
Action Parameters : {"messageFormat":"JSON","messageArguments":[{}]}

2017-02-10 16:13:23.5175|INFO|webApiTask.Helpers.NLogger|JSON
Method: GET
URL: http://localhost/webApi/api/tags/getTop10
Controller : webApiTask.Controllers.TagController
Action : GetTop10
Action Parameters : {"messageFormat":"JSON","messageArguments":[{}]}

2017-02-10 16:13:28.4934|INFO|webApiTask.Helpers.NLogger|JSON
Method: POST
URL: http://localhost/webApi/api/tags/addTag/tag1/2153
Controller : webApiTask.Controllers.TagController
Action : Post
Action Parameters : {"messageFormat":"JSON","messageArguments":[{"tag":"tag1","listId":2153}]}

2017-02-10 16:13:35.1004|INFO|webApiTask.Helpers.NLogger|JSON
Method: GET
URL: http://localhost/webApi/api/tags/getTop10
Controller : webApiTask.Controllers.TagController
Action : GetTop10
Action Parameters : {"messageFormat":"JSON","messageArguments":[{}]}

