2017-02-13 10:29:58.7264|INFO|webApiTask.Helpers.NLogger|JSON
Method: GET
URL: http://localhost/webApi/api/Tag
Controller : webApiTask.Controllers.TagController
Action : Get
Action Parameters : {"messageFormat":"JSON","messageArguments":[{}]}

2017-02-13 10:29:58.7264|INFO|webApiTask.Helpers.NLogger|JSON
Method: GET
URL: http://localhost/webApi/api/lists
Controller : webApiTask.Controllers.ToDoListController
Action : Get
Action Parameters : {"messageFormat":"JSON","messageArguments":[{}]}

2017-02-13 10:30:26.8197|INFO|webApiTask.Helpers.NLogger|JSON
Method: POST
URL: http://localhost/webApi/api/ToDoList
Controller : webApiTask.Controllers.ToDoListController
Action : Post
Action Parameters : {"messageFormat":"JSON","messageArguments":[{"list":{"Id":0,"Name":"newList","Items":[{"Id":0,"Text":"newItem","Priority":0,"IsCompleted":false,"IsNotify":false,"NextNotifyTime":null,"ToDoList":null,"ToDoList_Id":0,"Created":"0001-01-01T00:00:00","Modified":null}],"User":null,"User_Id":0,"Created":"0001-01-01T00:00:00","Modified":null}}]}

2017-02-13 10:30:26.8413|INFO|webApiTask.Helpers.NLogger|JSON
Method: POST
URL: http://localhost/webApi/api/ToDoList
Controller : webApiTask.Controllers.ToDoListController
Action : Post
Action Parameters : {"messageFormat":"JSON","messageArguments":[{"list":{"Id":0,"Name":"newList","Items":[{"Id":0,"Text":"newItem","Priority":0,"IsCompleted":false,"IsNotify":false,"NextNotifyTime":null,"ToDoList":null,"ToDoList_Id":0,"Created":"0001-01-01T00:00:00","Modified":null}],"User":null,"User_Id":0,"Created":"0001-01-01T00:00:00","Modified":null}}]}

2017-02-13 10:30:27.1527|INFO|webApiTask.Helpers.NLogger|JSON
Method: POST
URL: http://localhost/webApi/api/ToDoList
Controller : webApiTask.Controllers.ToDoListController
Action : Post
Action Parameters : {"messageFormat":"JSON","messageArguments":[{"list":{"Id":0,"Name":"newList","Items":[{"Id":0,"Text":"newItem","Priority":0,"IsCompleted":false,"IsNotify":false,"NextNotifyTime":null,"ToDoList":null,"ToDoList_Id":0,"Created":"0001-01-01T00:00:00","Modified":null}],"User":null,"User_Id":0,"Created":"0001-01-01T00:00:00","Modified":null}}]}

2017-02-13 10:30:33.8812|INFO|webApiTask.Helpers.NLogger|JSON
Method: POST
URL: http://localhost/webApi/api/tags/addTag/tag1/2155
Controller : webApiTask.Controllers.TagController
Action : Post
Action Parameters : {"messageFormat":"JSON","messageArguments":[{"tag":"tag1","listId":2155}]}

2017-02-13 10:30:36.7371|INFO|webApiTask.Helpers.NLogger|JSON
Method: POST
URL: http://localhost/webApi/api/tags/addTag/tag2/2155
Controller : webApiTask.Controllers.TagController
Action : Post
Action Parameters : {"messageFormat":"JSON","messageArguments":[{"tag":"tag2","listId":2155}]}

2017-02-13 10:30:40.6183|INFO|webApiTask.Helpers.NLogger|JSON
Method: POST
URL: http://localhost/webApi/api/tags/addTag/tag1/2154
Controller : webApiTask.Controllers.TagController
Action : Post
Action Parameters : {"messageFormat":"JSON","messageArguments":[{"tag":"tag1","listId":2154}]}

2017-02-13 10:30:41.8653|INFO|webApiTask.Helpers.NLogger|JSON
Method: POST
URL: http://localhost/webApi/api/tags/addTag/tag2/2154
Controller : webApiTask.Controllers.TagController
Action : Post
Action Parameters : {"messageFormat":"JSON","messageArguments":[{"tag":"tag2","listId":2154}]}

2017-02-13 10:30:46.3779|INFO|webApiTask.Helpers.NLogger|JSON
Method: POST
URL: http://localhost/webApi/api/tags/addTag/tag14/2156
Controller : webApiTask.Controllers.TagController
Action : Post
Action Parameters : {"messageFormat":"JSON","messageArguments":[{"tag":"tag14","listId":2156}]}

2017-02-13 10:30:47.7890|INFO|webApiTask.Helpers.NLogger|JSON
Method: GET
URL: http://localhost/webApi/api/lists
Controller : webApiTask.Controllers.ToDoListController
Action : Get
Action Parameters : {"messageFormat":"JSON","messageArguments":[{}]}

2017-02-13 10:30:47.7890|INFO|webApiTask.Helpers.NLogger|JSON
Method: GET
URL: http://localhost/webApi/api/Tag
Controller : webApiTask.Controllers.TagController
Action : Get
Action Parameters : {"messageFormat":"JSON","messageArguments":[{}]}

2017-02-13 10:30:49.1779|INFO|webApiTask.Helpers.NLogger|JSON
Method: POST
URL: http://localhost/webApi/api/ToDoList
Controller : webApiTask.Controllers.ToDoListController
Action : Post
Action Parameters : {"messageFormat":"JSON","messageArguments":[{"list":{"Id":0,"Name":"newList","Items":[{"Id":0,"Text":"newItem","Priority":0,"IsCompleted":false,"IsNotify":false,"NextNotifyTime":null,"ToDoList":null,"ToDoList_Id":0,"Created":"0001-01-01T00:00:00","Modified":null}],"User":null,"User_Id":0,"Created":"0001-01-01T00:00:00","Modified":null}}]}

2017-02-13 10:30:49.3693|INFO|webApiTask.Helpers.NLogger|JSON
Method: POST
URL: http://localhost/webApi/api/ToDoList
Controller : webApiTask.Controllers.ToDoListController
Action : Post
Action Parameters : {"messageFormat":"JSON","messageArguments":[{"list":{"Id":0,"Name":"newList","Items":[{"Id":0,"Text":"newItem","Priority":0,"IsCompleted":false,"IsNotify":false,"NextNotifyTime":null,"ToDoList":null,"ToDoList_Id":0,"Created":"0001-01-01T00:00:00","Modified":null}],"User":null,"User_Id":0,"Created":"0001-01-01T00:00:00","Modified":null}}]}

2017-02-13 10:30:49.6011|INFO|webApiTask.Helpers.NLogger|JSON
Method: POST
URL: http://localhost/webApi/api/ToDoList
Controller : webApiTask.Controllers.ToDoListController
Action : Post
Action Parameters : {"messageFormat":"JSON","messageArguments":[{"list":{"Id":0,"Name":"newList","Items":[{"Id":0,"Text":"newItem","Priority":0,"IsCompleted":false,"IsNotify":false,"NextNotifyTime":null,"ToDoList":null,"ToDoList_Id":0,"Created":"0001-01-01T00:00:00","Modified":null}],"User":null,"User_Id":0,"Created":"0001-01-01T00:00:00","Modified":null}}]}

2017-02-13 10:30:53.4605|INFO|webApiTask.Helpers.NLogger|JSON
Method: POST
URL: http://localhost/webApi/api/tags/addTag/newyear/2157
Controller : webApiTask.Controllers.TagController
Action : Post
Action Parameters : {"messageFormat":"JSON","messageArguments":[{"tag":"newyear","listId":2157}]}

2017-02-13 10:30:56.9940|INFO|webApiTask.Helpers.NLogger|JSON
Method: POST
URL: http://localhost/webApi/api/tags/addTag/tag1/2157
Controller : webApiTask.Controllers.TagController
Action : Post
Action Parameters : {"messageFormat":"JSON","messageArguments":[{"tag":"tag1","listId":2157}]}

2017-02-13 10:31:03.3221|INFO|webApiTask.Helpers.NLogger|JSON
Method: POST
URL: http://localhost/webApi/api/tags/addTag/tag14/2158
Controller : webApiTask.Controllers.TagController
Action : Post
Action Parameters : {"messageFormat":"JSON","messageArguments":[{"tag":"tag14","listId":2158}]}

2017-02-13 10:31:07.9705|INFO|webApiTask.Helpers.NLogger|JSON
Method: POST
URL: http://localhost/webApi/api/tags/addTag/tag1/2159
Controller : webApiTask.Controllers.TagController
Action : Post
Action Parameters : {"messageFormat":"JSON","messageArguments":[{"tag":"tag1","listId":2159}]}

2017-02-13 10:31:10.7039|INFO|webApiTask.Helpers.NLogger|JSON
Method: GET
URL: http://localhost/webApi/api/tags/getTop10
Controller : webApiTask.Controllers.TagController
Action : GetTop10
Action Parameters : {"messageFormat":"JSON","messageArguments":[{}]}

2017-02-13 10:31:12.7630|INFO|webApiTask.Helpers.NLogger|JSON
Method: GET
URL: http://localhost/webApi/api/lists
Controller : webApiTask.Controllers.ToDoListController
Action : Get
Action Parameters : {"messageFormat":"JSON","messageArguments":[{}]}

2017-02-13 10:31:12.7630|INFO|webApiTask.Helpers.NLogger|JSON
Method: GET
URL: http://localhost/webApi/api/Tag
Controller : webApiTask.Controllers.TagController
Action : Get
Action Parameters : {"messageFormat":"JSON","messageArguments":[{}]}

2017-02-13 10:31:14.4252|INFO|webApiTask.Helpers.NLogger|JSON
Method: GET
URL: http://localhost/webApi/api/tags/getTop10
Controller : webApiTask.Controllers.TagController
Action : GetTop10
Action Parameters : {"messageFormat":"JSON","messageArguments":[{}]}

2017-02-13 10:31:21.0275|INFO|webApiTask.Helpers.NLogger|JSON
Method: POST
URL: http://localhost/webApi/api/tags/addTag/qwe/1095
Controller : webApiTask.Controllers.TagController
Action : Post
Action Parameters : {"messageFormat":"JSON","messageArguments":[{"tag":"qwe","listId":1095}]}

2017-02-13 10:31:24.4663|INFO|webApiTask.Helpers.NLogger|JSON
Method: POST
URL: http://localhost/webApi/api/tags/addTag/qwe/2154
Controller : webApiTask.Controllers.TagController
Action : Post
Action Parameters : {"messageFormat":"JSON","messageArguments":[{"tag":"qwe","listId":2154}]}

2017-02-13 10:31:28.4076|INFO|webApiTask.Helpers.NLogger|JSON
Method: POST
URL: http://localhost/webApi/api/tags/addTag/l/2154
Controller : webApiTask.Controllers.TagController
Action : Post
Action Parameters : {"messageFormat":"JSON","messageArguments":[{"tag":"l","listId":2154}]}

2017-02-13 10:31:29.0917|INFO|webApiTask.Helpers.NLogger|JSON
Method: POST
URL: http://localhost/webApi/api/tags/addTag/dnkfg/2154
Controller : webApiTask.Controllers.TagController
Action : Post
Action Parameters : {"messageFormat":"JSON","messageArguments":[{"tag":"dnkfg","listId":2154}]}

2017-02-13 10:31:33.9386|INFO|webApiTask.Helpers.NLogger|JSON
Method: POST
URL: http://localhost/webApi/api/tags/addTag/ddfghdfgdfg/2155
Controller : webApiTask.Controllers.TagController
Action : Post
Action Parameters : {"messageFormat":"JSON","messageArguments":[{"tag":"ddfghdfgdfg","listId":2155}]}

2017-02-13 10:31:36.6107|INFO|webApiTask.Helpers.NLogger|JSON
Method: POST
URL: http://localhost/webApi/api/tags/addTag/xcvklhdsgf/2156
Controller : webApiTask.Controllers.TagController
Action : Post
Action Parameters : {"messageFormat":"JSON","messageArguments":[{"tag":"xcvklhdsgf","listId":2156}]}

2017-02-13 10:31:43.1947|INFO|webApiTask.Helpers.NLogger|JSON
Method: POST
URL: http://localhost/webApi/api/tags/addTag/ldifjgdfg/2159
Controller : webApiTask.Controllers.TagController
Action : Post
Action Parameters : {"messageFormat":"JSON","messageArguments":[{"tag":"ldifjgdfg","listId":2159}]}

2017-02-13 10:31:46.4507|INFO|webApiTask.Helpers.NLogger|JSON
Method: POST
URL: http://localhost/webApi/api/tags/addTag/dfg/2158
Controller : webApiTask.Controllers.TagController
Action : Post
Action Parameters : {"messageFormat":"JSON","messageArguments":[{"tag":"dfg","listId":2158}]}

2017-02-13 10:31:49.7143|INFO|webApiTask.Helpers.NLogger|JSON
Method: POST
URL: http://localhost/webApi/api/tags/addTag/dsfgdfg/2157
Controller : webApiTask.Controllers.TagController
Action : Post
Action Parameters : {"messageFormat":"JSON","messageArguments":[{"tag":"dsfgdfg","listId":2157}]}

2017-02-13 10:31:51.5812|INFO|webApiTask.Helpers.NLogger|JSON
Method: GET
URL: http://localhost/webApi/api/lists
Controller : webApiTask.Controllers.ToDoListController
Action : Get
Action Parameters : {"messageFormat":"JSON","messageArguments":[{}]}

2017-02-13 10:31:51.5812|INFO|webApiTask.Helpers.NLogger|JSON
Method: GET
URL: http://localhost/webApi/api/Tag
Controller : webApiTask.Controllers.TagController
Action : Get
Action Parameters : {"messageFormat":"JSON","messageArguments":[{}]}

2017-02-13 10:31:53.1299|INFO|webApiTask.Helpers.NLogger|JSON
Method: GET
URL: http://localhost/webApi/api/tags/getTop10
Controller : webApiTask.Controllers.TagController
Action : GetTop10
Action Parameters : {"messageFormat":"JSON","messageArguments":[{}]}

2017-02-13 10:32:03.1729|INFO|webApiTask.Helpers.NLogger|JSON
Method: GET
URL: http://localhost/webApi/api/lists
Controller : webApiTask.Controllers.ToDoListController
Action : Get
Action Parameters : {"messageFormat":"JSON","messageArguments":[{}]}

2017-02-13 10:32:03.1729|INFO|webApiTask.Helpers.NLogger|JSON
Method: GET
URL: http://localhost/webApi/api/Tag
Controller : webApiTask.Controllers.TagController
Action : Get
Action Parameters : {"messageFormat":"JSON","messageArguments":[{}]}

2017-02-13 10:32:04.9453|INFO|webApiTask.Helpers.NLogger|JSON
Method: GET
URL: http://localhost/webApi/api/tags/getTop10
Controller : webApiTask.Controllers.TagController
Action : GetTop10
Action Parameters : {"messageFormat":"JSON","messageArguments":[{}]}

2017-02-13 10:33:37.0677|INFO|webApiTask.Helpers.NLogger|JSON
Method: GET
URL: http://localhost/webApi/api/tags/getTop10
Controller : webApiTask.Controllers.TagController
Action : GetTop10
Action Parameters : {"messageFormat":"JSON","messageArguments":[{}]}

2017-02-13 11:28:32.1269|INFO|webApiTask.Helpers.NLogger|JSON
Method: GET
URL: http://localhost/webApi/api/lists
Controller : webApiTask.Controllers.ToDoListController
Action : Get
Action Parameters : {"messageFormat":"JSON","messageArguments":[{}]}

2017-02-13 11:28:32.1269|INFO|webApiTask.Helpers.NLogger|JSON
Method: GET
URL: http://localhost/webApi/api/Tag
Controller : webApiTask.Controllers.TagController
Action : Get
Action Parameters : {"messageFormat":"JSON","messageArguments":[{}]}

2017-02-13 11:29:07.6756|INFO|webApiTask.Helpers.NLogger|JSON
Method: GET
URL: http://localhost/webApi/api/lists
Controller : webApiTask.Controllers.ToDoListController
Action : Get
Action Parameters : {"messageFormat":"JSON","messageArguments":[{}]}

2017-02-13 11:29:07.6756|INFO|webApiTask.Helpers.NLogger|JSON
Method: GET
URL: http://localhost/webApi/api/Tag
Controller : webApiTask.Controllers.TagController
Action : Get
Action Parameters : {"messageFormat":"JSON","messageArguments":[{}]}

2017-02-13 11:29:17.3898|INFO|webApiTask.Helpers.NLogger|JSON
Method: GET
URL: http://localhost/webApi/api/Tag
Controller : webApiTask.Controllers.TagController
Action : Get
Action Parameters : {"messageFormat":"JSON","messageArguments":[{}]}

2017-02-13 11:29:17.3898|INFO|webApiTask.Helpers.NLogger|JSON
Method: GET
URL: http://localhost/webApi/api/lists
Controller : webApiTask.Controllers.ToDoListController
Action : Get
Action Parameters : {"messageFormat":"JSON","messageArguments":[{}]}

2017-02-13 11:29:26.1650|INFO|webApiTask.Helpers.NLogger|JSON
Method: GET
URL: http://localhost/webApi/api/lists
Controller : webApiTask.Controllers.ToDoListController
Action : Get
Action Parameters : {"messageFormat":"JSON","messageArguments":[{}]}

2017-02-13 11:29:26.1650|INFO|webApiTask.Helpers.NLogger|JSON
Method: GET
URL: http://localhost/webApi/api/Tag
Controller : webApiTask.Controllers.TagController
Action : Get
Action Parameters : {"messageFormat":"JSON","messageArguments":[{}]}

2017-02-13 11:29:37.4196|INFO|webApiTask.Helpers.NLogger|JSON
Method: GET
URL: http://localhost/webApi/api/lists
Controller : webApiTask.Controllers.ToDoListController
Action : Get
Action Parameters : {"messageFormat":"JSON","messageArguments":[{}]}

2017-02-13 11:29:43.9728|INFO|webApiTask.Helpers.NLogger|JSON
Method: GET
URL: http://localhost/webApi/api/Tag
Controller : webApiTask.Controllers.TagController
Action : Get
Action Parameters : {"messageFormat":"JSON","messageArguments":[{}]}

2017-02-13 11:30:33.6788|INFO|webApiTask.Helpers.NLogger|JSON
Method: GET
URL: http://localhost/webApi/api/lists
Controller : webApiTask.Controllers.ToDoListController
Action : Get
Action Parameters : {"messageFormat":"JSON","messageArguments":[{}]}

2017-02-13 11:30:33.6788|INFO|webApiTask.Helpers.NLogger|JSON
Method: GET
URL: http://localhost/webApi/api/Tag
Controller : webApiTask.Controllers.TagController
Action : Get
Action Parameters : {"messageFormat":"JSON","messageArguments":[{}]}

2017-02-13 12:00:15.6767|INFO|webApiTask.Helpers.NLogger|JSON
Method: GET
URL: http://localhost/webApi/api/lists
Controller : webApiTask.Controllers.ToDoListController
Action : Get
Action Parameters : {"messageFormat":"JSON","messageArguments":[{}]}

2017-02-13 12:00:15.6767|INFO|webApiTask.Helpers.NLogger|JSON
Method: GET
URL: http://localhost/webApi/api/Tag
Controller : webApiTask.Controllers.TagController
Action : Get
Action Parameters : {"messageFormat":"JSON","messageArguments":[{}]}

2017-02-13 12:04:25.5887|INFO|webApiTask.Helpers.NLogger|JSON
Method: GET
URL: http://localhost/webApi/api/lists
Controller : webApiTask.Controllers.ToDoListController
Action : Get
Action Parameters : {"messageFormat":"JSON","messageArguments":[{}]}

2017-02-13 12:04:25.5887|INFO|webApiTask.Helpers.NLogger|JSON
Method: GET
URL: http://localhost/webApi/api/Tag
Controller : webApiTask.Controllers.TagController
Action : Get
Action Parameters : {"messageFormat":"JSON","messageArguments":[{}]}

2017-02-13 12:07:08.1448|INFO|webApiTask.Helpers.NLogger|JSON
Method: GET
URL: http://localhost/webApi/api/lists
Controller : webApiTask.Controllers.ToDoListController
Action : Get
Action Parameters : {"messageFormat":"JSON","messageArguments":[{}]}

2017-02-13 12:07:08.1488|INFO|webApiTask.Helpers.NLogger|JSON
Method: GET
URL: http://localhost/webApi/api/Tag
Controller : webApiTask.Controllers.TagController
Action : Get
Action Parameters : {"messageFormat":"JSON","messageArguments":[{}]}

2017-02-13 12:07:09.4245|INFO|webApiTask.Helpers.NLogger|JSON
Method: GET
URL: http://localhost/webApi/api/lists
Controller : webApiTask.Controllers.ToDoListController
Action : Get
Action Parameters : {"messageFormat":"JSON","messageArguments":[{}]}

2017-02-13 12:07:11.4038|INFO|webApiTask.Helpers.NLogger|JSON
Method: GET
URL: http://localhost/webApi/api/lists
Controller : webApiTask.Controllers.ToDoListController
Action : Get
Action Parameters : {"messageFormat":"JSON","messageArguments":[{}]}

2017-02-13 12:07:51.9826|INFO|webApiTask.Helpers.NLogger|JSON
Method: GET
URL: http://localhost/webApi/api/Tag
Controller : webApiTask.Controllers.TagController
Action : Get
Action Parameters : {"messageFormat":"JSON","messageArguments":[{}]}

2017-02-13 12:07:51.9826|INFO|webApiTask.Helpers.NLogger|JSON
Method: GET
URL: http://localhost/webApi/api/lists
Controller : webApiTask.Controllers.ToDoListController
Action : Get
Action Parameters : {"messageFormat":"JSON","messageArguments":[{}]}

2017-02-13 12:07:53.9293|INFO|webApiTask.Helpers.NLogger|JSON
Method: GET
URL: http://localhost/webApi/api/tags/getTop10
Controller : webApiTask.Controllers.TagController
Action : GetTop10
Action Parameters : {"messageFormat":"JSON","messageArguments":[{}]}

2017-02-13 12:07:57.3586|INFO|webApiTask.Helpers.NLogger|JSON
Method: POST
URL: http://localhost/webApi/api/ToDoList
Controller : webApiTask.Controllers.ToDoListController
Action : Post
Action Parameters : {"messageFormat":"JSON","messageArguments":[{"list":{"Id":0,"Name":"newList","Items":[{"Id":0,"Text":"newItem","Priority":0,"IsCompleted":false,"IsNotify":false,"NextNotifyTime":null,"ToDoList":null,"ToDoList_Id":0,"Created":"0001-01-01T00:00:00","Modified":null}],"User":null,"User_Id":0,"Created":"0001-01-01T00:00:00","Modified":null}}]}

2017-02-13 12:07:59.5680|INFO|webApiTask.Helpers.NLogger|JSON
Method: POST
URL: http://localhost/webApi/api/ToDoList
Controller : webApiTask.Controllers.ToDoListController
Action : Post
Action Parameters : {"messageFormat":"JSON","messageArguments":[{"list":{"Id":0,"Name":"newList","Items":[{"Id":0,"Text":"newItem","Priority":0,"IsCompleted":false,"IsNotify":false,"NextNotifyTime":null,"ToDoList":null,"ToDoList_Id":0,"Created":"0001-01-01T00:00:00","Modified":null}],"User":null,"User_Id":0,"Created":"0001-01-01T00:00:00","Modified":null}}]}

2017-02-13 12:08:01.0727|INFO|webApiTask.Helpers.NLogger|JSON
Method: GET
URL: http://localhost/webApi/api/lists
Controller : webApiTask.Controllers.ToDoListController
Action : Get
Action Parameters : {"messageFormat":"JSON","messageArguments":[{}]}

2017-02-13 12:08:01.0727|INFO|webApiTask.Helpers.NLogger|JSON
Method: GET
URL: http://localhost/webApi/api/Tag
Controller : webApiTask.Controllers.TagController
Action : Get
Action Parameters : {"messageFormat":"JSON","messageArguments":[{}]}

2017-02-13 12:08:02.8019|INFO|webApiTask.Helpers.NLogger|JSON
Method: DELETE
URL: http://localhost/webApi/api/lists/Delete/2160
Controller : webApiTask.Controllers.ToDoListController
Action : Delete
Action Parameters : {"messageFormat":"JSON","messageArguments":[{"id":2160}]}

2017-02-13 12:08:04.7866|INFO|webApiTask.Helpers.NLogger|JSON
Method: DELETE
URL: http://localhost/webApi/api/lists/Delete/2161
Controller : webApiTask.Controllers.ToDoListController
Action : Delete
Action Parameters : {"messageFormat":"JSON","messageArguments":[{"id":2161}]}

2017-02-13 12:08:06.2487|INFO|webApiTask.Helpers.NLogger|JSON
Method: POST
URL: http://localhost/webApi/api/ToDoList
Controller : webApiTask.Controllers.ToDoListController
Action : Post
Action Parameters : {"messageFormat":"JSON","messageArguments":[{"list":{"Id":0,"Name":"newList","Items":[{"Id":0,"Text":"newItem","Priority":0,"IsCompleted":false,"IsNotify":false,"NextNotifyTime":null,"ToDoList":null,"ToDoList_Id":0,"Created":"0001-01-01T00:00:00","Modified":null}],"User":null,"User_Id":0,"Created":"0001-01-01T00:00:00","Modified":null}}]}

2017-02-13 12:08:08.2598|INFO|webApiTask.Helpers.NLogger|JSON
Method: POST
URL: http://localhost/webApi/api/Item
Controller : webApiTask.Controllers.ItemController
Action : Post
Action Parameters : {"messageFormat":"JSON","messageArguments":[{"item":{"Id":0,"Text":"newItem","Priority":0,"IsCompleted":false,"IsNotify":false,"NextNotifyTime":null,"ToDoList":null,"ToDoList_Id":2162,"Created":"0001-01-01T00:00:00","Modified":null}}]}

2017-02-13 12:08:09.0870|INFO|webApiTask.Helpers.NLogger|JSON
Method: GET
URL: http://localhost/webApi/api/lists
Controller : webApiTask.Controllers.ToDoListController
Action : Get
Action Parameters : {"messageFormat":"JSON","messageArguments":[{}]}

2017-02-13 12:08:09.0870|INFO|webApiTask.Helpers.NLogger|JSON
Method: GET
URL: http://localhost/webApi/api/Tag
Controller : webApiTask.Controllers.TagController
Action : Get
Action Parameters : {"messageFormat":"JSON","messageArguments":[{}]}

2017-02-13 12:08:10.8613|INFO|webApiTask.Helpers.NLogger|JSON
Method: PUT
URL: http://localhost/webApi/api/items/SetStatus/2400/true
Controller : webApiTask.Controllers.ItemController
Action : PutStatus
Action Parameters : {"messageFormat":"JSON","messageArguments":[{"itemId":2400,"isCompleted":true}]}

2017-02-13 12:08:11.3463|INFO|webApiTask.Helpers.NLogger|JSON
Method: GET
URL: http://localhost/webApi/api/lists
Controller : webApiTask.Controllers.ToDoListController
Action : Get
Action Parameters : {"messageFormat":"JSON","messageArguments":[{}]}

2017-02-13 12:08:11.3463|INFO|webApiTask.Helpers.NLogger|JSON
Method: GET
URL: http://localhost/webApi/api/Tag
Controller : webApiTask.Controllers.TagController
Action : Get
Action Parameters : {"messageFormat":"JSON","messageArguments":[{}]}

2017-02-13 12:08:13.7279|INFO|webApiTask.Helpers.NLogger|JSON
Method: GET
URL: http://localhost/webApi/api/lists
Controller : webApiTask.Controllers.ToDoListController
Action : Get
Action Parameters : {"messageFormat":"JSON","messageArguments":[{}]}

2017-02-13 12:08:13.7279|INFO|webApiTask.Helpers.NLogger|JSON
Method: GET
URL: http://localhost/webApi/api/Tag
Controller : webApiTask.Controllers.TagController
Action : Get
Action Parameters : {"messageFormat":"JSON","messageArguments":[{}]}

2017-02-13 12:09:36.1235|INFO|webApiTask.Helpers.NLogger|JSON
Method: GET
URL: http://localhost/webApi/api/tags/getTop10
Controller : webApiTask.Controllers.TagController
Action : GetTop10
Action Parameters : {"messageFormat":"JSON","messageArguments":[{}]}

2017-02-13 12:09:49.7734|INFO|webApiTask.Helpers.NLogger|JSON
Method: DELETE
URL: http://localhost/webApi/api/tags/removeTag/l/2154
Controller : webApiTask.Controllers.TagController
Action : Delete
Action Parameters : {"messageFormat":"JSON","messageArguments":[{"tag":"l","listId":2154}]}

2017-02-13 12:09:51.1276|INFO|webApiTask.Helpers.NLogger|JSON
Method: GET
URL: http://localhost/webApi/api/lists
Controller : webApiTask.Controllers.ToDoListController
Action : Get
Action Parameters : {"messageFormat":"JSON","messageArguments":[{}]}

2017-02-13 12:09:51.1276|INFO|webApiTask.Helpers.NLogger|JSON
Method: GET
URL: http://localhost/webApi/api/Tag
Controller : webApiTask.Controllers.TagController
Action : Get
Action Parameters : {"messageFormat":"JSON","messageArguments":[{}]}

2017-02-13 12:09:52.3368|INFO|webApiTask.Helpers.NLogger|JSON
Method: GET
URL: http://localhost/webApi/api/tags/getTop10
Controller : webApiTask.Controllers.TagController
Action : GetTop10
Action Parameters : {"messageFormat":"JSON","messageArguments":[{}]}

2017-02-13 12:12:12.3149|INFO|webApiTask.Helpers.NLogger|JSON
Method: GET
URL: http://localhost/webApi/api/lists
Controller : webApiTask.Controllers.ToDoListController
Action : Get
Action Parameters : {"messageFormat":"JSON","messageArguments":[{}]}

2017-02-13 12:12:12.3149|INFO|webApiTask.Helpers.NLogger|JSON
Method: GET
URL: http://localhost/webApi/api/Tag
Controller : webApiTask.Controllers.TagController
Action : Get
Action Parameters : {"messageFormat":"JSON","messageArguments":[{}]}

2017-02-13 12:12:13.2987|INFO|webApiTask.Helpers.NLogger|JSON
Method: GET
URL: http://localhost/webApi/api/tags/getTop10
Controller : webApiTask.Controllers.TagController
Action : GetTop10
Action Parameters : {"messageFormat":"JSON","messageArguments":[{}]}

2017-02-13 12:12:20.4930|INFO|webApiTask.Helpers.NLogger|JSON
Method: GET
URL: http://localhost/webApi/api/lists
Controller : webApiTask.Controllers.ToDoListController
Action : Get
Action Parameters : {"messageFormat":"JSON","messageArguments":[{}]}

2017-02-13 12:12:20.4960|INFO|webApiTask.Helpers.NLogger|JSON
Method: GET
URL: http://localhost/webApi/api/Tag
Controller : webApiTask.Controllers.TagController
Action : Get
Action Parameters : {"messageFormat":"JSON","messageArguments":[{}]}

2017-02-13 12:12:21.6341|INFO|webApiTask.Helpers.NLogger|JSON
Method: GET
URL: http://localhost/webApi/api/tags/getTop10
Controller : webApiTask.Controllers.TagController
Action : GetTop10
Action Parameters : {"messageFormat":"JSON","messageArguments":[{}]}

2017-02-13 12:12:36.7301|INFO|webApiTask.Helpers.NLogger|JSON
Method: GET
URL: http://localhost/webApi/api/lists
Controller : webApiTask.Controllers.ToDoListController
Action : Get
Action Parameters : {"messageFormat":"JSON","messageArguments":[{}]}

2017-02-13 12:12:36.7301|INFO|webApiTask.Helpers.NLogger|JSON
Method: GET
URL: http://localhost/webApi/api/Tag
Controller : webApiTask.Controllers.TagController
Action : Get
Action Parameters : {"messageFormat":"JSON","messageArguments":[{}]}

2017-02-13 12:12:37.8502|INFO|webApiTask.Helpers.NLogger|JSON
Method: GET
URL: http://localhost/webApi/api/tags/getTop10
Controller : webApiTask.Controllers.TagController
Action : GetTop10
Action Parameters : {"messageFormat":"JSON","messageArguments":[{}]}

2017-02-13 12:14:41.0152|INFO|webApiTask.Helpers.NLogger|JSON
Method: GET
URL: http://localhost/webApi/api/lists
Controller : webApiTask.Controllers.ToDoListController
Action : Get
Action Parameters : {"messageFormat":"JSON","messageArguments":[{}]}

2017-02-13 12:14:41.0152|INFO|webApiTask.Helpers.NLogger|JSON
Method: GET
URL: http://localhost/webApi/api/Tag
Controller : webApiTask.Controllers.TagController
Action : Get
Action Parameters : {"messageFormat":"JSON","messageArguments":[{}]}

2017-02-13 12:15:39.8939|INFO|webApiTask.Helpers.NLogger|JSON
Method: GET
URL: http://localhost/webApi/api/tags/getTop10
Controller : webApiTask.Controllers.TagController
Action : GetTop10
Action Parameters : {"messageFormat":"JSON","messageArguments":[{}]}

2017-02-13 12:17:07.5818|INFO|webApiTask.Helpers.NLogger|JSON
Method: GET
URL: http://localhost/webApi/api/tags/getTop10
Controller : webApiTask.Controllers.TagController
Action : GetTop10
Action Parameters : {"messageFormat":"JSON","messageArguments":[{}]}

2017-02-13 12:17:10.3796|INFO|webApiTask.Helpers.NLogger|JSON
Method: GET
URL: http://localhost/webApi/api/tags/getTop10
Controller : webApiTask.Controllers.TagController
Action : GetTop10
Action Parameters : {"messageFormat":"JSON","messageArguments":[{}]}

2017-02-13 12:19:56.0706|INFO|webApiTask.Helpers.NLogger|JSON
Method: POST
URL: http://localhost/webApi/api/Item
Controller : webApiTask.Controllers.ItemController
Action : Post
Action Parameters : {"messageFormat":"JSON","messageArguments":[{"item":{"Id":0,"Text":"newItem","Priority":0,"IsCompleted":false,"IsNotify":false,"NextNotifyTime":null,"ToDoList":null,"ToDoList_Id":2155,"Created":"0001-01-01T00:00:00","Modified":null}}]}

2017-02-13 12:20:17.2467|INFO|webApiTask.Helpers.NLogger|JSON
Method: GET
URL: http://localhost/webApi/api/lists
Controller : webApiTask.Controllers.ToDoListController
Action : Get
Action Parameters : {"messageFormat":"JSON","messageArguments":[{}]}

2017-02-13 12:20:17.2472|INFO|webApiTask.Helpers.NLogger|JSON
Method: GET
URL: http://localhost/webApi/api/Tag
Controller : webApiTask.Controllers.TagController
Action : Get
Action Parameters : {"messageFormat":"JSON","messageArguments":[{}]}

2017-02-13 12:22:27.1037|INFO|webApiTask.Helpers.NLogger|JSON
Method: GET
URL: http://localhost/webApi/api/lists
Controller : webApiTask.Controllers.ToDoListController
Action : Get
Action Parameters : {"messageFormat":"JSON","messageArguments":[{}]}

2017-02-13 12:22:27.1037|INFO|webApiTask.Helpers.NLogger|JSON
Method: GET
URL: http://localhost/webApi/api/Tag
Controller : webApiTask.Controllers.TagController
Action : Get
Action Parameters : {"messageFormat":"JSON","messageArguments":[{}]}

2017-02-13 12:23:43.5690|INFO|webApiTask.Helpers.NLogger|JSON
Method: POST
URL: http://localhost/webApi/api/ToDoList
Controller : webApiTask.Controllers.ToDoListController
Action : Post
Action Parameters : {"messageFormat":"JSON","messageArguments":[{"list":{"Id":0,"Name":"newList","Items":[{"Id":0,"Text":"newItem","Priority":0,"IsCompleted":false,"IsNotify":false,"NextNotifyTime":null,"ToDoList":null,"ToDoList_Id":0,"Created":"0001-01-01T00:00:00","Modified":null}],"User":null,"User_Id":0,"Created":"0001-01-01T00:00:00","Modified":null}}]}

2017-02-13 12:31:10.1669|INFO|webApiTask.Helpers.NLogger|JSON
Method: GET
URL: http://localhost/webApi/api/lists
Controller : webApiTask.Controllers.ToDoListController
Action : Get
Action Parameters : {"messageFormat":"JSON","messageArguments":[{}]}

2017-02-13 12:31:10.1669|INFO|webApiTask.Helpers.NLogger|JSON
Method: GET
URL: http://localhost/webApi/api/Tag
Controller : webApiTask.Controllers.TagController
Action : Get
Action Parameters : {"messageFormat":"JSON","messageArguments":[{}]}

2017-02-13 12:31:19.9456|INFO|webApiTask.Helpers.NLogger|JSON
Method: GET
URL: http://localhost/webApi/api/Tag
Controller : webApiTask.Controllers.TagController
Action : Get
Action Parameters : {"messageFormat":"JSON","messageArguments":[{}]}

2017-02-13 12:31:19.9546|INFO|webApiTask.Helpers.NLogger|JSON
Method: GET
URL: http://localhost/webApi/api/lists
Controller : webApiTask.Controllers.ToDoListController
Action : Get
Action Parameters : {"messageFormat":"JSON","messageArguments":[{}]}

2017-02-13 12:31:21.2910|INFO|webApiTask.Helpers.NLogger|JSON
Method: GET
URL: http://localhost/webApi/api/Tag
Controller : webApiTask.Controllers.TagController
Action : Get
Action Parameters : {"messageFormat":"JSON","messageArguments":[{}]}

2017-02-13 12:31:21.2910|INFO|webApiTask.Helpers.NLogger|JSON
Method: GET
URL: http://localhost/webApi/api/lists
Controller : webApiTask.Controllers.ToDoListController
Action : Get
Action Parameters : {"messageFormat":"JSON","messageArguments":[{}]}

2017-02-13 12:31:21.9905|INFO|webApiTask.Helpers.NLogger|JSON
Method: GET
URL: http://localhost/webApi/api/lists
Controller : webApiTask.Controllers.ToDoListController
Action : Get
Action Parameters : {"messageFormat":"JSON","messageArguments":[{}]}

2017-02-13 12:31:21.9905|INFO|webApiTask.Helpers.NLogger|JSON
Method: GET
URL: http://localhost/webApi/api/Tag
Controller : webApiTask.Controllers.TagController
Action : Get
Action Parameters : {"messageFormat":"JSON","messageArguments":[{}]}

2017-02-13 12:37:40.0794|INFO|webApiTask.Helpers.NLogger|JSON
Method: GET
URL: http://localhost/webApi/api/tags/getTop10
Controller : webApiTask.Controllers.TagController
Action : GetTop10
Action Parameters : {"messageFormat":"JSON","messageArguments":[{}]}

2017-02-13 12:38:42.2118|INFO|webApiTask.Helpers.NLogger|JSON
Method: GET
URL: http://localhost/webApi/api/lists
Controller : webApiTask.Controllers.ToDoListController
Action : Get
Action Parameters : {"messageFormat":"JSON","messageArguments":[{}]}

2017-02-13 12:38:42.2118|INFO|webApiTask.Helpers.NLogger|JSON
Method: GET
URL: http://localhost/webApi/api/Tag
Controller : webApiTask.Controllers.TagController
Action : Get
Action Parameters : {"messageFormat":"JSON","messageArguments":[{}]}

2017-02-13 12:40:58.6610|INFO|webApiTask.Helpers.NLogger|JSON
Method: GET
URL: http://localhost/webApi/api/lists
Controller : webApiTask.Controllers.ToDoListController
Action : Get
Action Parameters : {"messageFormat":"JSON","messageArguments":[{}]}

2017-02-13 12:40:58.6640|INFO|webApiTask.Helpers.NLogger|JSON
Method: GET
URL: http://localhost/webApi/api/Tag
Controller : webApiTask.Controllers.TagController
Action : Get
Action Parameters : {"messageFormat":"JSON","messageArguments":[{}]}

2017-02-13 12:40:59.7990|INFO|webApiTask.Helpers.NLogger|JSON
Method: GET
URL: http://localhost/webApi/api/tags/getTop10
Controller : webApiTask.Controllers.TagController
Action : GetTop10
Action Parameters : {"messageFormat":"JSON","messageArguments":[{}]}

2017-02-13 12:41:28.3629|INFO|webApiTask.Helpers.NLogger|JSON
Method: GET
URL: http://localhost/webApi/api/lists
Controller : webApiTask.Controllers.ToDoListController
Action : Get
Action Parameters : {"messageFormat":"JSON","messageArguments":[{}]}

2017-02-13 12:41:28.3629|INFO|webApiTask.Helpers.NLogger|JSON
Method: GET
URL: http://localhost/webApi/api/Tag
Controller : webApiTask.Controllers.TagController
Action : Get
Action Parameters : {"messageFormat":"JSON","messageArguments":[{}]}

2017-02-13 13:01:05.9939|INFO|webApiTask.Helpers.NLogger|JSON
Method: GET
URL: http://localhost/webApi/api/tags/getTop10
Controller : webApiTask.Controllers.TagController
Action : GetTop10
Action Parameters : {"messageFormat":"JSON","messageArguments":[{}]}

2017-02-13 14:04:29.2390|INFO|webApiTask.Helpers.NLogger|JSON
Method: GET
URL: http://localhost/webApi/api/tags/getTop10
Controller : webApiTask.Controllers.TagController
Action : GetTop10
Action Parameters : {"messageFormat":"JSON","messageArguments":[{}]}

2017-02-13 14:04:45.7425|INFO|webApiTask.Helpers.NLogger|JSON
Method: GET
URL: http://localhost/webApi/api/lists
Controller : webApiTask.Controllers.ToDoListController
Action : Get
Action Parameters : {"messageFormat":"JSON","messageArguments":[{}]}

2017-02-13 14:04:45.7425|INFO|webApiTask.Helpers.NLogger|JSON
Method: GET
URL: http://localhost/webApi/api/Tag
Controller : webApiTask.Controllers.TagController
Action : Get
Action Parameters : {"messageFormat":"JSON","messageArguments":[{}]}

2017-02-13 14:04:46.7337|INFO|webApiTask.Helpers.NLogger|JSON
Method: GET
URL: http://localhost/webApi/api/tags/getTop10
Controller : webApiTask.Controllers.TagController
Action : GetTop10
Action Parameters : {"messageFormat":"JSON","messageArguments":[{}]}

2017-02-13 14:05:05.3195|INFO|webApiTask.Helpers.NLogger|JSON
Method: GET
URL: http://localhost/webApi/api/Tag
Controller : webApiTask.Controllers.TagController
Action : Get
Action Parameters : {"messageFormat":"JSON","messageArguments":[{}]}

2017-02-13 14:05:05.3195|INFO|webApiTask.Helpers.NLogger|JSON
Method: GET
URL: http://localhost/webApi/api/lists
Controller : webApiTask.Controllers.ToDoListController
Action : Get
Action Parameters : {"messageFormat":"JSON","messageArguments":[{}]}

2017-02-13 14:05:07.0533|INFO|webApiTask.Helpers.NLogger|JSON
Method: GET
URL: http://localhost/webApi/api/tags/getTop10
Controller : webApiTask.Controllers.TagController
Action : GetTop10
Action Parameters : {"messageFormat":"JSON","messageArguments":[{}]}

2017-02-13 14:05:12.2516|INFO|webApiTask.Helpers.NLogger|JSON
Method: GET
URL: http://localhost/webApi/api/lists
Controller : webApiTask.Controllers.ToDoListController
Action : Get
Action Parameters : {"messageFormat":"JSON","messageArguments":[{}]}

2017-02-13 14:05:12.2516|INFO|webApiTask.Helpers.NLogger|JSON
Method: GET
URL: http://localhost/webApi/api/Tag
Controller : webApiTask.Controllers.TagController
Action : Get
Action Parameters : {"messageFormat":"JSON","messageArguments":[{}]}

2017-02-13 14:05:13.0939|INFO|webApiTask.Helpers.NLogger|JSON
Method: GET
URL: http://localhost/webApi/api/tags/getTop10
Controller : webApiTask.Controllers.TagController
Action : GetTop10
Action Parameters : {"messageFormat":"JSON","messageArguments":[{}]}

2017-02-13 14:10:31.5600|INFO|webApiTask.Helpers.NLogger|JSON
Method: GET
URL: http://localhost/webApi/api/lists
Controller : webApiTask.Controllers.ToDoListController
Action : Get
Action Parameters : {"messageFormat":"JSON","messageArguments":[{}]}

2017-02-13 14:10:31.5600|INFO|webApiTask.Helpers.NLogger|JSON
Method: GET
URL: http://localhost/webApi/api/Tag
Controller : webApiTask.Controllers.TagController
Action : Get
Action Parameters : {"messageFormat":"JSON","messageArguments":[{}]}

2017-02-13 14:10:32.6258|INFO|webApiTask.Helpers.NLogger|JSON
Method: GET
URL: http://localhost/webApi/api/tags/getTop10
Controller : webApiTask.Controllers.TagController
Action : GetTop10
Action Parameters : {"messageFormat":"JSON","messageArguments":[{}]}

2017-02-13 14:10:42.8977|INFO|webApiTask.Helpers.NLogger|JSON
Method: GET
URL: http://localhost/webApi/api/lists
Controller : webApiTask.Controllers.ToDoListController
Action : Get
Action Parameters : {"messageFormat":"JSON","messageArguments":[{}]}

2017-02-13 14:10:42.8977|INFO|webApiTask.Helpers.NLogger|JSON
Method: GET
URL: http://localhost/webApi/api/Tag
Controller : webApiTask.Controllers.TagController
Action : Get
Action Parameters : {"messageFormat":"JSON","messageArguments":[{}]}

2017-02-13 14:10:43.8001|INFO|webApiTask.Helpers.NLogger|JSON
Method: GET
URL: http://localhost/webApi/api/tags/getTop10
Controller : webApiTask.Controllers.TagController
Action : GetTop10
Action Parameters : {"messageFormat":"JSON","messageArguments":[{}]}

2017-02-13 14:10:53.4154|INFO|webApiTask.Helpers.NLogger|JSON
Method: GET
URL: http://localhost/webApi/api/tags/getTop10
Controller : webApiTask.Controllers.TagController
Action : GetTop10
Action Parameters : {"messageFormat":"JSON","messageArguments":[{}]}

2017-02-13 14:10:55.1779|INFO|webApiTask.Helpers.NLogger|JSON
Method: GET
URL: http://localhost/webApi/api/lists
Controller : webApiTask.Controllers.ToDoListController
Action : Get
Action Parameters : {"messageFormat":"JSON","messageArguments":[{}]}

2017-02-13 14:10:55.1779|INFO|webApiTask.Helpers.NLogger|JSON
Method: GET
URL: http://localhost/webApi/api/Tag
Controller : webApiTask.Controllers.TagController
Action : Get
Action Parameters : {"messageFormat":"JSON","messageArguments":[{}]}

2017-02-13 14:10:55.6873|INFO|webApiTask.Helpers.NLogger|JSON
Method: GET
URL: http://localhost/webApi/api/tags/getTop10
Controller : webApiTask.Controllers.TagController
Action : GetTop10
Action Parameters : {"messageFormat":"JSON","messageArguments":[{}]}

2017-02-13 14:11:03.6830|INFO|webApiTask.Helpers.NLogger|JSON
Method: GET
URL: http://localhost/webApi/api/lists
Controller : webApiTask.Controllers.ToDoListController
Action : Get
Action Parameters : {"messageFormat":"JSON","messageArguments":[{}]}

2017-02-13 14:11:03.6830|INFO|webApiTask.Helpers.NLogger|JSON
Method: GET
URL: http://localhost/webApi/api/Tag
Controller : webApiTask.Controllers.TagController
Action : Get
Action Parameters : {"messageFormat":"JSON","messageArguments":[{}]}

2017-02-13 14:11:04.4079|INFO|webApiTask.Helpers.NLogger|JSON
Method: GET
URL: http://localhost/webApi/api/tags/getTop10
Controller : webApiTask.Controllers.TagController
Action : GetTop10
Action Parameters : {"messageFormat":"JSON","messageArguments":[{}]}

2017-02-13 14:13:02.9546|INFO|webApiTask.Helpers.NLogger|JSON
Method: GET
URL: http://localhost/webApi/api/tags/getTop10
Controller : webApiTask.Controllers.TagController
Action : GetTop10
Action Parameters : {"messageFormat":"JSON","messageArguments":[{}]}

2017-02-13 14:16:06.4827|INFO|webApiTask.Helpers.NLogger|JSON
Method: GET
URL: http://localhost/webApi/api/lists
Controller : webApiTask.Controllers.ToDoListController
Action : Get
Action Parameters : {"messageFormat":"JSON","messageArguments":[{}]}

2017-02-13 14:16:06.4827|INFO|webApiTask.Helpers.NLogger|JSON
Method: GET
URL: http://localhost/webApi/api/Tag
Controller : webApiTask.Controllers.TagController
Action : Get
Action Parameters : {"messageFormat":"JSON","messageArguments":[{}]}

2017-02-13 14:16:07.1625|INFO|webApiTask.Helpers.NLogger|JSON
Method: GET
URL: http://localhost/webApi/api/tags/getTop10
Controller : webApiTask.Controllers.TagController
Action : GetTop10
Action Parameters : {"messageFormat":"JSON","messageArguments":[{}]}

2017-02-13 14:16:15.0059|INFO|webApiTask.Helpers.NLogger|JSON
Method: GET
URL: http://localhost/webApi/api/lists
Controller : webApiTask.Controllers.ToDoListController
Action : Get
Action Parameters : {"messageFormat":"JSON","messageArguments":[{}]}

2017-02-13 14:16:15.0059|INFO|webApiTask.Helpers.NLogger|JSON
Method: GET
URL: http://localhost/webApi/api/Tag
Controller : webApiTask.Controllers.TagController
Action : Get
Action Parameters : {"messageFormat":"JSON","messageArguments":[{}]}

2017-02-13 14:16:15.8978|INFO|webApiTask.Helpers.NLogger|JSON
Method: GET
URL: http://localhost/webApi/api/tags/getTop10
Controller : webApiTask.Controllers.TagController
Action : GetTop10
Action Parameters : {"messageFormat":"JSON","messageArguments":[{}]}

2017-02-13 14:16:20.7663|INFO|webApiTask.Helpers.NLogger|JSON
Method: GET
URL: http://localhost/webApi/api/Tag
Controller : webApiTask.Controllers.TagController
Action : Get
Action Parameters : {"messageFormat":"JSON","messageArguments":[{}]}

2017-02-13 14:16:20.7663|INFO|webApiTask.Helpers.NLogger|JSON
Method: GET
URL: http://localhost/webApi/api/lists
Controller : webApiTask.Controllers.ToDoListController
Action : Get
Action Parameters : {"messageFormat":"JSON","messageArguments":[{}]}

2017-02-13 14:16:21.4825|INFO|webApiTask.Helpers.NLogger|JSON
Method: GET
URL: http://localhost/webApi/api/tags/getTop10
Controller : webApiTask.Controllers.TagController
Action : GetTop10
Action Parameters : {"messageFormat":"JSON","messageArguments":[{}]}

2017-02-13 15:09:50.9767|INFO|webApiTask.Helpers.NLogger|JSON
Method: GET
URL: http://localhost/webApi/api/Tag
Controller : webApiTask.Controllers.TagController
Action : Get
Action Parameters : {"messageFormat":"JSON","messageArguments":[{}]}

2017-02-13 15:09:50.9767|INFO|webApiTask.Helpers.NLogger|JSON
Method: GET
URL: http://localhost/webApi/api/lists
Controller : webApiTask.Controllers.ToDoListController
Action : Get
Action Parameters : {"messageFormat":"JSON","messageArguments":[{}]}

2017-02-13 15:09:55.4727|INFO|webApiTask.Helpers.NLogger|JSON
Method: POST
URL: http://localhost/webApi/api/Item
Controller : webApiTask.Controllers.ItemController
Action : Post
Action Parameters : {"messageFormat":"JSON","messageArguments":[{"item":{"Id":0,"Text":"newItem","Priority":0,"IsCompleted":false,"IsNotify":false,"NextNotifyTime":null,"ToDoList":null,"ToDoList_Id":2156,"Created":"0001-01-01T00:00:00","Modified":null}}]}

2017-02-13 15:10:43.4384|INFO|webApiTask.Helpers.NLogger|JSON
Method: GET
URL: http://localhost/webApi/api/lists
Controller : webApiTask.Controllers.ToDoListController
Action : Get
Action Parameters : {"messageFormat":"JSON","messageArguments":[{}]}

2017-02-13 15:10:43.4384|INFO|webApiTask.Helpers.NLogger|JSON
Method: GET
URL: http://localhost/webApi/api/Tag
Controller : webApiTask.Controllers.TagController
Action : Get
Action Parameters : {"messageFormat":"JSON","messageArguments":[{}]}

2017-02-13 15:10:52.2642|INFO|webApiTask.Helpers.NLogger|JSON
Method: GET
URL: http://localhost/webApi/api/Tag
Controller : webApiTask.Controllers.TagController
Action : Get
Action Parameters : {"messageFormat":"JSON","messageArguments":[{}]}

2017-02-13 15:10:52.2642|INFO|webApiTask.Helpers.NLogger|JSON
Method: GET
URL: http://localhost/webApi/api/lists
Controller : webApiTask.Controllers.ToDoListController
Action : Get
Action Parameters : {"messageFormat":"JSON","messageArguments":[{}]}

2017-02-13 15:10:56.2480|INFO|webApiTask.Helpers.NLogger|JSON
Method: GET
URL: http://localhost/webApi/api/lists
Controller : webApiTask.Controllers.ToDoListController
Action : Get
Action Parameters : {"messageFormat":"JSON","messageArguments":[{}]}

2017-02-13 15:10:56.2480|INFO|webApiTask.Helpers.NLogger|JSON
Method: GET
URL: http://localhost/webApi/api/Tag
Controller : webApiTask.Controllers.TagController
Action : Get
Action Parameters : {"messageFormat":"JSON","messageArguments":[{}]}

2017-02-13 15:11:02.4765|INFO|webApiTask.Helpers.NLogger|JSON
Method: GET
URL: http://localhost/webApi/api/Tag
Controller : webApiTask.Controllers.TagController
Action : Get
Action Parameters : {"messageFormat":"JSON","messageArguments":[{}]}

2017-02-13 15:11:02.4765|INFO|webApiTask.Helpers.NLogger|JSON
Method: GET
URL: http://localhost/webApi/api/lists
Controller : webApiTask.Controllers.ToDoListController
Action : Get
Action Parameters : {"messageFormat":"JSON","messageArguments":[{}]}

2017-02-13 15:11:56.9920|INFO|webApiTask.Helpers.NLogger|JSON
Method: GET
URL: http://localhost/webApi/api/lists
Controller : webApiTask.Controllers.ToDoListController
Action : Get
Action Parameters : {"messageFormat":"JSON","messageArguments":[{}]}

2017-02-13 15:11:56.9920|INFO|webApiTask.Helpers.NLogger|JSON
Method: GET
URL: http://localhost/webApi/api/Tag
Controller : webApiTask.Controllers.TagController
Action : Get
Action Parameters : {"messageFormat":"JSON","messageArguments":[{}]}

2017-02-13 15:12:01.4657|INFO|webApiTask.Helpers.NLogger|JSON
Method: PUT
URL: http://localhost/webApi/api/items/SetStatus/2393/true
Controller : webApiTask.Controllers.ItemController
Action : PutStatus
Action Parameters : {"messageFormat":"JSON","messageArguments":[{"itemId":2393,"isCompleted":true}]}

2017-02-13 15:12:02.3068|INFO|webApiTask.Helpers.NLogger|JSON
Method: PUT
URL: http://localhost/webApi/api/items/SetStatus/2393/false
Controller : webApiTask.Controllers.ItemController
Action : PutStatus
Action Parameters : {"messageFormat":"JSON","messageArguments":[{"itemId":2393,"isCompleted":false}]}

2017-02-13 15:13:26.4217|INFO|webApiTask.Helpers.NLogger|JSON
Method: GET
URL: http://localhost/webApi/api/lists
Controller : webApiTask.Controllers.ToDoListController
Action : Get
Action Parameters : {"messageFormat":"JSON","messageArguments":[{}]}

2017-02-13 15:13:26.4217|INFO|webApiTask.Helpers.NLogger|JSON
Method: GET
URL: http://localhost/webApi/api/Tag
Controller : webApiTask.Controllers.TagController
Action : Get
Action Parameters : {"messageFormat":"JSON","messageArguments":[{}]}

2017-02-13 15:13:32.0612|INFO|webApiTask.Helpers.NLogger|JSON
Method: GET
URL: http://localhost/webApi/api/lists
Controller : webApiTask.Controllers.ToDoListController
Action : Get
Action Parameters : {"messageFormat":"JSON","messageArguments":[{}]}

2017-02-13 15:13:32.0612|INFO|webApiTask.Helpers.NLogger|JSON
Method: GET
URL: http://localhost/webApi/api/Tag
Controller : webApiTask.Controllers.TagController
Action : Get
Action Parameters : {"messageFormat":"JSON","messageArguments":[{}]}

2017-02-13 15:13:38.2339|INFO|webApiTask.Helpers.NLogger|JSON
Method: GET
URL: http://localhost/webApi/api/Tag
Controller : webApiTask.Controllers.TagController
Action : Get
Action Parameters : {"messageFormat":"JSON","messageArguments":[{}]}

2017-02-13 15:13:38.2339|INFO|webApiTask.Helpers.NLogger|JSON
Method: GET
URL: http://localhost/webApi/api/lists
Controller : webApiTask.Controllers.ToDoListController
Action : Get
Action Parameters : {"messageFormat":"JSON","messageArguments":[{}]}

2017-02-13 15:14:20.3626|INFO|webApiTask.Helpers.NLogger|JSON
Method: GET
URL: http://localhost/webApi/api/lists
Controller : webApiTask.Controllers.ToDoListController
Action : Get
Action Parameters : {"messageFormat":"JSON","messageArguments":[{}]}

2017-02-13 15:14:20.3626|INFO|webApiTask.Helpers.NLogger|JSON
Method: GET
URL: http://localhost/webApi/api/Tag
Controller : webApiTask.Controllers.TagController
Action : Get
Action Parameters : {"messageFormat":"JSON","messageArguments":[{}]}

2017-02-13 15:14:21.5141|INFO|webApiTask.Helpers.NLogger|JSON
Method: GET
URL: http://localhost/webApi/api/Tag
Controller : webApiTask.Controllers.TagController
Action : Get
Action Parameters : {"messageFormat":"JSON","messageArguments":[{}]}

2017-02-13 15:14:21.5141|INFO|webApiTask.Helpers.NLogger|JSON
Method: GET
URL: http://localhost/webApi/api/lists
Controller : webApiTask.Controllers.ToDoListController
Action : Get
Action Parameters : {"messageFormat":"JSON","messageArguments":[{}]}

2017-02-13 15:14:28.0659|INFO|webApiTask.Helpers.NLogger|JSON
Method: GET
URL: http://localhost/webApi/api/lists
Controller : webApiTask.Controllers.ToDoListController
Action : Get
Action Parameters : {"messageFormat":"JSON","messageArguments":[{}]}

2017-02-13 15:14:28.0659|INFO|webApiTask.Helpers.NLogger|JSON
Method: GET
URL: http://localhost/webApi/api/Tag
Controller : webApiTask.Controllers.TagController
Action : Get
Action Parameters : {"messageFormat":"JSON","messageArguments":[{}]}

2017-02-13 15:14:33.6515|INFO|webApiTask.Helpers.NLogger|JSON
Method: GET
URL: http://localhost/webApi/api/lists
Controller : webApiTask.Controllers.ToDoListController
Action : Get
Action Parameters : {"messageFormat":"JSON","messageArguments":[{}]}

2017-02-13 15:14:33.6515|INFO|webApiTask.Helpers.NLogger|JSON
Method: GET
URL: http://localhost/webApi/api/Tag
Controller : webApiTask.Controllers.TagController
Action : Get
Action Parameters : {"messageFormat":"JSON","messageArguments":[{}]}

2017-02-13 15:14:56.7991|INFO|webApiTask.Helpers.NLogger|JSON
Method: GET
URL: http://localhost/webApi/api/lists
Controller : webApiTask.Controllers.ToDoListController
Action : Get
Action Parameters : {"messageFormat":"JSON","messageArguments":[{}]}

2017-02-13 15:14:56.7991|INFO|webApiTask.Helpers.NLogger|JSON
Method: GET
URL: http://localhost/webApi/api/Tag
Controller : webApiTask.Controllers.TagController
Action : Get
Action Parameters : {"messageFormat":"JSON","messageArguments":[{}]}

2017-02-13 15:15:12.4940|INFO|webApiTask.Helpers.NLogger|JSON
Method: GET
URL: http://localhost/webApi/api/lists
Controller : webApiTask.Controllers.ToDoListController
Action : Get
Action Parameters : {"messageFormat":"JSON","messageArguments":[{}]}

2017-02-13 15:15:12.4940|INFO|webApiTask.Helpers.NLogger|JSON
Method: GET
URL: http://localhost/webApi/api/Tag
Controller : webApiTask.Controllers.TagController
Action : Get
Action Parameters : {"messageFormat":"JSON","messageArguments":[{}]}

2017-02-13 15:15:29.0105|INFO|webApiTask.Helpers.NLogger|JSON
Method: GET
URL: http://localhost/webApi/api/lists
Controller : webApiTask.Controllers.ToDoListController
Action : Get
Action Parameters : {"messageFormat":"JSON","messageArguments":[{}]}

2017-02-13 15:15:29.0105|INFO|webApiTask.Helpers.NLogger|JSON
Method: GET
URL: http://localhost/webApi/api/Tag
Controller : webApiTask.Controllers.TagController
Action : Get
Action Parameters : {"messageFormat":"JSON","messageArguments":[{}]}

2017-02-13 15:16:03.8350|INFO|webApiTask.Helpers.NLogger|JSON
Method: GET
URL: http://localhost/webApi/api/lists
Controller : webApiTask.Controllers.ToDoListController
Action : Get
Action Parameters : {"messageFormat":"JSON","messageArguments":[{}]}

2017-02-13 15:16:03.8350|INFO|webApiTask.Helpers.NLogger|JSON
Method: GET
URL: http://localhost/webApi/api/Tag
Controller : webApiTask.Controllers.TagController
Action : Get
Action Parameters : {"messageFormat":"JSON","messageArguments":[{}]}

2017-02-13 15:16:24.3695|INFO|webApiTask.Helpers.NLogger|JSON
Method: GET
URL: http://localhost/webApi/api/Tag
Controller : webApiTask.Controllers.TagController
Action : Get
Action Parameters : {"messageFormat":"JSON","messageArguments":[{}]}

2017-02-13 15:16:24.3695|INFO|webApiTask.Helpers.NLogger|JSON
Method: GET
URL: http://localhost/webApi/api/lists
Controller : webApiTask.Controllers.ToDoListController
Action : Get
Action Parameters : {"messageFormat":"JSON","messageArguments":[{}]}

2017-02-13 15:16:48.9885|INFO|webApiTask.Helpers.NLogger|JSON
Method: GET
URL: http://localhost/webApi/api/Tag
Controller : webApiTask.Controllers.TagController
Action : Get
Action Parameters : {"messageFormat":"JSON","messageArguments":[{}]}

2017-02-13 15:16:48.9885|INFO|webApiTask.Helpers.NLogger|JSON
Method: GET
URL: http://localhost/webApi/api/lists
Controller : webApiTask.Controllers.ToDoListController
Action : Get
Action Parameters : {"messageFormat":"JSON","messageArguments":[{}]}

2017-02-13 15:16:56.7037|INFO|webApiTask.Helpers.NLogger|JSON
Method: GET
URL: http://localhost/webApi/api/Tag
Controller : webApiTask.Controllers.TagController
Action : Get
Action Parameters : {"messageFormat":"JSON","messageArguments":[{}]}

2017-02-13 15:16:56.7037|INFO|webApiTask.Helpers.NLogger|JSON
Method: GET
URL: http://localhost/webApi/api/lists
Controller : webApiTask.Controllers.ToDoListController
Action : Get
Action Parameters : {"messageFormat":"JSON","messageArguments":[{}]}

2017-02-13 15:17:02.2706|INFO|webApiTask.Helpers.NLogger|JSON
Method: GET
URL: http://localhost/webApi/api/lists
Controller : webApiTask.Controllers.ToDoListController
Action : Get
Action Parameters : {"messageFormat":"JSON","messageArguments":[{}]}

2017-02-13 15:17:02.2721|INFO|webApiTask.Helpers.NLogger|JSON
Method: GET
URL: http://localhost/webApi/api/Tag
Controller : webApiTask.Controllers.TagController
Action : Get
Action Parameters : {"messageFormat":"JSON","messageArguments":[{}]}

2017-02-13 15:17:12.1136|INFO|webApiTask.Helpers.NLogger|JSON
Method: GET
URL: http://localhost/webApi/api/lists
Controller : webApiTask.Controllers.ToDoListController
Action : Get
Action Parameters : {"messageFormat":"JSON","messageArguments":[{}]}

2017-02-13 15:17:12.1166|INFO|webApiTask.Helpers.NLogger|JSON
Method: GET
URL: http://localhost/webApi/api/Tag
Controller : webApiTask.Controllers.TagController
Action : Get
Action Parameters : {"messageFormat":"JSON","messageArguments":[{}]}

2017-02-13 15:17:31.5341|INFO|webApiTask.Helpers.NLogger|JSON
Method: GET
URL: http://localhost/webApi/api/lists
Controller : webApiTask.Controllers.ToDoListController
Action : Get
Action Parameters : {"messageFormat":"JSON","messageArguments":[{}]}

2017-02-13 15:17:31.5341|INFO|webApiTask.Helpers.NLogger|JSON
Method: GET
URL: http://localhost/webApi/api/Tag
Controller : webApiTask.Controllers.TagController
Action : Get
Action Parameters : {"messageFormat":"JSON","messageArguments":[{}]}

2017-02-13 15:17:48.4427|INFO|webApiTask.Helpers.NLogger|JSON
Method: GET
URL: http://localhost/webApi/api/lists
Controller : webApiTask.Controllers.ToDoListController
Action : Get
Action Parameters : {"messageFormat":"JSON","messageArguments":[{}]}

2017-02-13 15:17:48.4427|INFO|webApiTask.Helpers.NLogger|JSON
Method: GET
URL: http://localhost/webApi/api/Tag
Controller : webApiTask.Controllers.TagController
Action : Get
Action Parameters : {"messageFormat":"JSON","messageArguments":[{}]}

2017-02-13 15:30:57.3200|INFO|webApiTask.Helpers.NLogger|JSON
Method: GET
URL: http://localhost/webApi/api/lists
Controller : webApiTask.Controllers.ToDoListController
Action : Get
Action Parameters : {"messageFormat":"JSON","messageArguments":[{}]}

2017-02-13 15:30:57.3200|INFO|webApiTask.Helpers.NLogger|JSON
Method: GET
URL: http://localhost/webApi/api/Tag
Controller : webApiTask.Controllers.TagController
Action : Get
Action Parameters : {"messageFormat":"JSON","messageArguments":[{}]}

2017-02-13 15:31:27.2779|INFO|webApiTask.Helpers.NLogger|JSON
Method: GET
URL: http://localhost/webApi/api/lists
Controller : webApiTask.Controllers.ToDoListController
Action : Get
Action Parameters : {"messageFormat":"JSON","messageArguments":[{}]}

2017-02-13 15:31:27.2779|INFO|webApiTask.Helpers.NLogger|JSON
Method: GET
URL: http://localhost/webApi/api/Tag
Controller : webApiTask.Controllers.TagController
Action : Get
Action Parameters : {"messageFormat":"JSON","messageArguments":[{}]}

2017-02-13 15:31:40.6159|INFO|webApiTask.Helpers.NLogger|JSON
Method: GET
URL: http://localhost/webApi/api/Tag
Controller : webApiTask.Controllers.TagController
Action : Get
Action Parameters : {"messageFormat":"JSON","messageArguments":[{}]}

2017-02-13 15:31:40.6159|INFO|webApiTask.Helpers.NLogger|JSON
Method: GET
URL: http://localhost/webApi/api/lists
Controller : webApiTask.Controllers.ToDoListController
Action : Get
Action Parameters : {"messageFormat":"JSON","messageArguments":[{}]}

2017-02-13 15:31:57.1561|INFO|webApiTask.Helpers.NLogger|JSON
Method: GET
URL: http://localhost/webApi/api/Tag
Controller : webApiTask.Controllers.TagController
Action : Get
Action Parameters : {"messageFormat":"JSON","messageArguments":[{}]}

2017-02-13 15:31:57.1561|INFO|webApiTask.Helpers.NLogger|JSON
Method: GET
URL: http://localhost/webApi/api/lists
Controller : webApiTask.Controllers.ToDoListController
Action : Get
Action Parameters : {"messageFormat":"JSON","messageArguments":[{}]}

2017-02-13 15:32:12.0732|INFO|webApiTask.Helpers.NLogger|JSON
Method: GET
URL: http://localhost/webApi/api/Tag
Controller : webApiTask.Controllers.TagController
Action : Get
Action Parameters : {"messageFormat":"JSON","messageArguments":[{}]}

2017-02-13 15:32:12.0732|INFO|webApiTask.Helpers.NLogger|JSON
Method: GET
URL: http://localhost/webApi/api/lists
Controller : webApiTask.Controllers.ToDoListController
Action : Get
Action Parameters : {"messageFormat":"JSON","messageArguments":[{}]}

2017-02-13 15:32:40.5972|INFO|webApiTask.Helpers.NLogger|JSON
Method: GET
URL: http://localhost/webApi/api/lists
Controller : webApiTask.Controllers.ToDoListController
Action : Get
Action Parameters : {"messageFormat":"JSON","messageArguments":[{}]}

2017-02-13 15:32:40.5972|INFO|webApiTask.Helpers.NLogger|JSON
Method: GET
URL: http://localhost/webApi/api/Tag
Controller : webApiTask.Controllers.TagController
Action : Get
Action Parameters : {"messageFormat":"JSON","messageArguments":[{}]}

2017-02-13 15:32:42.0935|INFO|webApiTask.Helpers.NLogger|JSON
Method: GET
URL: http://localhost/webApi/api/lists
Controller : webApiTask.Controllers.ToDoListController
Action : Get
Action Parameters : {"messageFormat":"JSON","messageArguments":[{}]}

2017-02-13 15:32:42.0935|INFO|webApiTask.Helpers.NLogger|JSON
Method: GET
URL: http://localhost/webApi/api/Tag
Controller : webApiTask.Controllers.TagController
Action : Get
Action Parameters : {"messageFormat":"JSON","messageArguments":[{}]}

2017-02-13 15:33:19.1207|INFO|webApiTask.Helpers.NLogger|JSON
Method: GET
URL: http://localhost/webApi/api/lists
Controller : webApiTask.Controllers.ToDoListController
Action : Get
Action Parameters : {"messageFormat":"JSON","messageArguments":[{}]}

2017-02-13 15:33:19.1207|INFO|webApiTask.Helpers.NLogger|JSON
Method: GET
URL: http://localhost/webApi/api/Tag
Controller : webApiTask.Controllers.TagController
Action : Get
Action Parameters : {"messageFormat":"JSON","messageArguments":[{}]}

2017-02-13 15:33:50.3140|INFO|webApiTask.Helpers.NLogger|JSON
Method: GET
URL: http://localhost/webApi/api/Tag
Controller : webApiTask.Controllers.TagController
Action : Get
Action Parameters : {"messageFormat":"JSON","messageArguments":[{}]}

2017-02-13 15:33:50.3140|INFO|webApiTask.Helpers.NLogger|JSON
Method: GET
URL: http://localhost/webApi/api/lists
Controller : webApiTask.Controllers.ToDoListController
Action : Get
Action Parameters : {"messageFormat":"JSON","messageArguments":[{}]}

2017-02-13 15:36:32.1850|INFO|webApiTask.Helpers.NLogger|JSON
Method: GET
URL: http://localhost/webApi/api/lists
Controller : webApiTask.Controllers.ToDoListController
Action : Get
Action Parameters : {"messageFormat":"JSON","messageArguments":[{}]}

2017-02-13 15:36:32.1850|INFO|webApiTask.Helpers.NLogger|JSON
Method: GET
URL: http://localhost/webApi/api/Tag
Controller : webApiTask.Controllers.TagController
Action : Get
Action Parameters : {"messageFormat":"JSON","messageArguments":[{}]}

2017-02-13 15:36:56.9140|INFO|webApiTask.Helpers.NLogger|JSON
Method: GET
URL: http://localhost/webApi/api/lists
Controller : webApiTask.Controllers.ToDoListController
Action : Get
Action Parameters : {"messageFormat":"JSON","messageArguments":[{}]}

2017-02-13 15:36:56.9140|INFO|webApiTask.Helpers.NLogger|JSON
Method: GET
URL: http://localhost/webApi/api/Tag
Controller : webApiTask.Controllers.TagController
Action : Get
Action Parameters : {"messageFormat":"JSON","messageArguments":[{}]}

2017-02-13 15:37:23.3726|INFO|webApiTask.Helpers.NLogger|JSON
Method: GET
URL: http://localhost/webApi/api/lists
Controller : webApiTask.Controllers.ToDoListController
Action : Get
Action Parameters : {"messageFormat":"JSON","messageArguments":[{}]}

2017-02-13 15:37:23.3726|INFO|webApiTask.Helpers.NLogger|JSON
Method: GET
URL: http://localhost/webApi/api/Tag
Controller : webApiTask.Controllers.TagController
Action : Get
Action Parameters : {"messageFormat":"JSON","messageArguments":[{}]}

2017-02-13 15:38:37.5771|INFO|webApiTask.Helpers.NLogger|JSON
Method: GET
URL: http://localhost/webApi/api/lists
Controller : webApiTask.Controllers.ToDoListController
Action : Get
Action Parameters : {"messageFormat":"JSON","messageArguments":[{}]}

2017-02-13 15:38:37.5771|INFO|webApiTask.Helpers.NLogger|JSON
Method: GET
URL: http://localhost/webApi/api/Tag
Controller : webApiTask.Controllers.TagController
Action : Get
Action Parameters : {"messageFormat":"JSON","messageArguments":[{}]}

2017-02-13 15:38:51.7847|INFO|webApiTask.Helpers.NLogger|JSON
Method: GET
URL: http://localhost/webApi/api/lists
Controller : webApiTask.Controllers.ToDoListController
Action : Get
Action Parameters : {"messageFormat":"JSON","messageArguments":[{}]}

2017-02-13 15:38:51.7847|INFO|webApiTask.Helpers.NLogger|JSON
Method: GET
URL: http://localhost/webApi/api/Tag
Controller : webApiTask.Controllers.TagController
Action : Get
Action Parameters : {"messageFormat":"JSON","messageArguments":[{}]}

2017-02-13 15:39:16.4983|INFO|webApiTask.Helpers.NLogger|JSON
Method: GET
URL: http://localhost/webApi/api/lists
Controller : webApiTask.Controllers.ToDoListController
Action : Get
Action Parameters : {"messageFormat":"JSON","messageArguments":[{}]}

2017-02-13 15:39:16.4983|INFO|webApiTask.Helpers.NLogger|JSON
Method: GET
URL: http://localhost/webApi/api/Tag
Controller : webApiTask.Controllers.TagController
Action : Get
Action Parameters : {"messageFormat":"JSON","messageArguments":[{}]}

2017-02-13 15:39:31.4790|INFO|webApiTask.Helpers.NLogger|JSON
Method: GET
URL: http://localhost/webApi/api/Tag
Controller : webApiTask.Controllers.TagController
Action : Get
Action Parameters : {"messageFormat":"JSON","messageArguments":[{}]}

2017-02-13 15:39:31.4790|INFO|webApiTask.Helpers.NLogger|JSON
Method: GET
URL: http://localhost/webApi/api/lists
Controller : webApiTask.Controllers.ToDoListController
Action : Get
Action Parameters : {"messageFormat":"JSON","messageArguments":[{}]}

2017-02-13 15:44:24.2299|INFO|webApiTask.Helpers.NLogger|JSON
Method: GET
URL: http://localhost/webApi/api/tags/getTop10
Controller : webApiTask.Controllers.TagController
Action : GetTop10
Action Parameters : {"messageFormat":"JSON","messageArguments":[{}]}

2017-02-13 15:44:25.4363|INFO|webApiTask.Helpers.NLogger|JSON
Method: GET
URL: http://localhost/webApi/api/tags/getTop10
Controller : webApiTask.Controllers.TagController
Action : GetTop10
Action Parameters : {"messageFormat":"JSON","messageArguments":[{}]}

2017-02-13 15:45:32.6555|INFO|webApiTask.Helpers.NLogger|JSON
Method: GET
URL: http://localhost/webApi/api/tags/getTop10
Controller : webApiTask.Controllers.TagController
Action : GetTop10
Action Parameters : {"messageFormat":"JSON","messageArguments":[{}]}

2017-02-13 15:45:34.8923|INFO|webApiTask.Helpers.NLogger|JSON
Method: GET
URL: http://localhost/webApi/api/tags/getTop10
Controller : webApiTask.Controllers.TagController
Action : GetTop10
Action Parameters : {"messageFormat":"JSON","messageArguments":[{}]}

2017-02-13 15:45:41.4987|INFO|webApiTask.Helpers.NLogger|JSON
Method: GET
URL: http://localhost/webApi/api/lists
Controller : webApiTask.Controllers.ToDoListController
Action : Get
Action Parameters : {"messageFormat":"JSON","messageArguments":[{}]}

2017-02-13 15:45:41.4987|INFO|webApiTask.Helpers.NLogger|JSON
Method: GET
URL: http://localhost/webApi/api/Tag
Controller : webApiTask.Controllers.TagController
Action : Get
Action Parameters : {"messageFormat":"JSON","messageArguments":[{}]}

2017-02-13 15:45:42.6770|INFO|webApiTask.Helpers.NLogger|JSON
Method: GET
URL: http://localhost/webApi/api/tags/getTop10
Controller : webApiTask.Controllers.TagController
Action : GetTop10
Action Parameters : {"messageFormat":"JSON","messageArguments":[{}]}

2017-02-13 15:45:47.0920|INFO|webApiTask.Helpers.NLogger|JSON
Method: GET
URL: http://localhost/webApi/api/tags/getTop10
Controller : webApiTask.Controllers.TagController
Action : GetTop10
Action Parameters : {"messageFormat":"JSON","messageArguments":[{}]}

2017-02-13 15:47:07.9386|INFO|webApiTask.Helpers.NLogger|JSON
Method: GET
URL: http://localhost/webApi/api/tags/getTop10
Controller : webApiTask.Controllers.TagController
Action : GetTop10
Action Parameters : {"messageFormat":"JSON","messageArguments":[{}]}

2017-02-13 15:47:44.1017|INFO|webApiTask.Helpers.NLogger|JSON
Method: GET
URL: http://localhost/webApi/api/tags/getTop10
Controller : webApiTask.Controllers.TagController
Action : GetTop10
Action Parameters : {"messageFormat":"JSON","messageArguments":[{}]}

2017-02-13 15:50:24.2528|INFO|webApiTask.Helpers.NLogger|JSON
Method: GET
URL: http://localhost/webApi/api/lists
Controller : webApiTask.Controllers.ToDoListController
Action : Get
Action Parameters : {"messageFormat":"JSON","messageArguments":[{}]}

2017-02-13 15:50:24.2528|INFO|webApiTask.Helpers.NLogger|JSON
Method: GET
URL: http://localhost/webApi/api/Tag
Controller : webApiTask.Controllers.TagController
Action : Get
Action Parameters : {"messageFormat":"JSON","messageArguments":[{}]}

2017-02-13 15:50:48.1915|INFO|webApiTask.Helpers.NLogger|JSON
Method: GET
URL: http://localhost/webApi/api/lists
Controller : webApiTask.Controllers.ToDoListController
Action : Get
Action Parameters : {"messageFormat":"JSON","messageArguments":[{}]}

2017-02-13 15:50:48.1915|INFO|webApiTask.Helpers.NLogger|JSON
Method: GET
URL: http://localhost/webApi/api/Tag
Controller : webApiTask.Controllers.TagController
Action : Get
Action Parameters : {"messageFormat":"JSON","messageArguments":[{}]}

2017-02-13 15:51:07.9897|INFO|webApiTask.Helpers.NLogger|JSON
Method: GET
URL: http://localhost/webApi/api/Tag
Controller : webApiTask.Controllers.TagController
Action : Get
Action Parameters : {"messageFormat":"JSON","messageArguments":[{}]}

2017-02-13 15:51:07.9897|INFO|webApiTask.Helpers.NLogger|JSON
Method: GET
URL: http://localhost/webApi/api/lists
Controller : webApiTask.Controllers.ToDoListController
Action : Get
Action Parameters : {"messageFormat":"JSON","messageArguments":[{}]}

2017-02-13 15:51:20.3057|INFO|webApiTask.Helpers.NLogger|JSON
Method: GET
URL: http://localhost/webApi/api/tags/getTop10
Controller : webApiTask.Controllers.TagController
Action : GetTop10
Action Parameters : {"messageFormat":"JSON","messageArguments":[{}]}

2017-02-13 15:52:14.3697|INFO|webApiTask.Helpers.NLogger|JSON
Method: GET
URL: http://localhost/webApi/api/lists
Controller : webApiTask.Controllers.ToDoListController
Action : Get
Action Parameters : {"messageFormat":"JSON","messageArguments":[{}]}

2017-02-13 15:52:14.3697|INFO|webApiTask.Helpers.NLogger|JSON
Method: GET
URL: http://localhost/webApi/api/Tag
Controller : webApiTask.Controllers.TagController
Action : Get
Action Parameters : {"messageFormat":"JSON","messageArguments":[{}]}

2017-02-13 15:52:40.0259|INFO|webApiTask.Helpers.NLogger|JSON
Method: GET
URL: http://localhost/webApi/api/Tag
Controller : webApiTask.Controllers.TagController
Action : Get
Action Parameters : {"messageFormat":"JSON","messageArguments":[{}]}

2017-02-13 15:52:40.0259|INFO|webApiTask.Helpers.NLogger|JSON
Method: GET
URL: http://localhost/webApi/api/lists
Controller : webApiTask.Controllers.ToDoListController
Action : Get
Action Parameters : {"messageFormat":"JSON","messageArguments":[{}]}

2017-02-13 15:52:48.5981|INFO|webApiTask.Helpers.NLogger|JSON
Method: GET
URL: http://localhost/webApi/api/lists
Controller : webApiTask.Controllers.ToDoListController
Action : Get
Action Parameters : {"messageFormat":"JSON","messageArguments":[{}]}

2017-02-13 15:52:48.5981|INFO|webApiTask.Helpers.NLogger|JSON
Method: GET
URL: http://localhost/webApi/api/Tag
Controller : webApiTask.Controllers.TagController
Action : Get
Action Parameters : {"messageFormat":"JSON","messageArguments":[{}]}

2017-02-13 15:52:56.1008|INFO|webApiTask.Helpers.NLogger|JSON
Method: GET
URL: http://localhost/webApi/api/lists
Controller : webApiTask.Controllers.ToDoListController
Action : Get
Action Parameters : {"messageFormat":"JSON","messageArguments":[{}]}

2017-02-13 15:52:56.1008|INFO|webApiTask.Helpers.NLogger|JSON
Method: GET
URL: http://localhost/webApi/api/Tag
Controller : webApiTask.Controllers.TagController
Action : Get
Action Parameters : {"messageFormat":"JSON","messageArguments":[{}]}

2017-02-13 15:53:38.9208|INFO|webApiTask.Helpers.NLogger|JSON
Method: GET
URL: http://localhost/webApi/api/lists
Controller : webApiTask.Controllers.ToDoListController
Action : Get
Action Parameters : {"messageFormat":"JSON","messageArguments":[{}]}

2017-02-13 15:53:38.9208|INFO|webApiTask.Helpers.NLogger|JSON
Method: GET
URL: http://localhost/webApi/api/Tag
Controller : webApiTask.Controllers.TagController
Action : Get
Action Parameters : {"messageFormat":"JSON","messageArguments":[{}]}

2017-02-13 15:53:52.9422|INFO|webApiTask.Helpers.NLogger|JSON
Method: GET
URL: http://localhost/webApi/api/lists
Controller : webApiTask.Controllers.ToDoListController
Action : Get
Action Parameters : {"messageFormat":"JSON","messageArguments":[{}]}

2017-02-13 15:53:52.9422|INFO|webApiTask.Helpers.NLogger|JSON
Method: GET
URL: http://localhost/webApi/api/Tag
Controller : webApiTask.Controllers.TagController
Action : Get
Action Parameters : {"messageFormat":"JSON","messageArguments":[{}]}

2017-02-13 15:54:15.9942|INFO|webApiTask.Helpers.NLogger|JSON
Method: GET
URL: http://localhost/webApi/api/Tag
Controller : webApiTask.Controllers.TagController
Action : Get
Action Parameters : {"messageFormat":"JSON","messageArguments":[{}]}

2017-02-13 15:54:15.9942|INFO|webApiTask.Helpers.NLogger|JSON
Method: GET
URL: http://localhost/webApi/api/lists
Controller : webApiTask.Controllers.ToDoListController
Action : Get
Action Parameters : {"messageFormat":"JSON","messageArguments":[{}]}

2017-02-13 15:54:33.5692|INFO|webApiTask.Helpers.NLogger|JSON
Method: GET
URL: http://localhost/webApi/api/lists
Controller : webApiTask.Controllers.ToDoListController
Action : Get
Action Parameters : {"messageFormat":"JSON","messageArguments":[{}]}

2017-02-13 15:54:33.5692|INFO|webApiTask.Helpers.NLogger|JSON
Method: GET
URL: http://localhost/webApi/api/Tag
Controller : webApiTask.Controllers.TagController
Action : Get
Action Parameters : {"messageFormat":"JSON","messageArguments":[{}]}

2017-02-13 15:55:34.5047|INFO|webApiTask.Helpers.NLogger|JSON
Method: GET
URL: http://localhost/webApi/api/lists
Controller : webApiTask.Controllers.ToDoListController
Action : Get
Action Parameters : {"messageFormat":"JSON","messageArguments":[{}]}

2017-02-13 15:55:34.5047|INFO|webApiTask.Helpers.NLogger|JSON
Method: GET
URL: http://localhost/webApi/api/Tag
Controller : webApiTask.Controllers.TagController
Action : Get
Action Parameters : {"messageFormat":"JSON","messageArguments":[{}]}

2017-02-13 15:55:58.4886|INFO|webApiTask.Helpers.NLogger|JSON
Method: GET
URL: http://localhost/webApi/api/lists
Controller : webApiTask.Controllers.ToDoListController
Action : Get
Action Parameters : {"messageFormat":"JSON","messageArguments":[{}]}

2017-02-13 15:55:58.4886|INFO|webApiTask.Helpers.NLogger|JSON
Method: GET
URL: http://localhost/webApi/api/Tag
Controller : webApiTask.Controllers.TagController
Action : Get
Action Parameters : {"messageFormat":"JSON","messageArguments":[{}]}

2017-02-13 15:56:00.3772|INFO|webApiTask.Helpers.NLogger|JSON
Method: GET
URL: http://localhost/webApi/api/tags/getTop10
Controller : webApiTask.Controllers.TagController
Action : GetTop10
Action Parameters : {"messageFormat":"JSON","messageArguments":[{}]}

2017-02-13 15:57:29.8432|INFO|webApiTask.Helpers.NLogger|JSON
Method: GET
URL: http://localhost/webApi/api/Tag
Controller : webApiTask.Controllers.TagController
Action : Get
Action Parameters : {"messageFormat":"JSON","messageArguments":[{}]}

2017-02-13 15:57:29.8432|INFO|webApiTask.Helpers.NLogger|JSON
Method: GET
URL: http://localhost/webApi/api/lists
Controller : webApiTask.Controllers.ToDoListController
Action : Get
Action Parameters : {"messageFormat":"JSON","messageArguments":[{}]}

2017-02-13 15:57:52.3751|INFO|webApiTask.Helpers.NLogger|JSON
Method: GET
URL: http://localhost/webApi/api/lists
Controller : webApiTask.Controllers.ToDoListController
Action : Get
Action Parameters : {"messageFormat":"JSON","messageArguments":[{}]}

2017-02-13 15:57:52.3751|INFO|webApiTask.Helpers.NLogger|JSON
Method: GET
URL: http://localhost/webApi/api/Tag
Controller : webApiTask.Controllers.TagController
Action : Get
Action Parameters : {"messageFormat":"JSON","messageArguments":[{}]}

2017-02-13 15:58:20.7166|INFO|webApiTask.Helpers.NLogger|JSON
Method: GET
URL: http://localhost/webApi/api/lists
Controller : webApiTask.Controllers.ToDoListController
Action : Get
Action Parameters : {"messageFormat":"JSON","messageArguments":[{}]}

2017-02-13 15:58:20.7166|INFO|webApiTask.Helpers.NLogger|JSON
Method: GET
URL: http://localhost/webApi/api/Tag
Controller : webApiTask.Controllers.TagController
Action : Get
Action Parameters : {"messageFormat":"JSON","messageArguments":[{}]}

2017-02-13 15:58:37.5462|INFO|webApiTask.Helpers.NLogger|JSON
Method: GET
URL: http://localhost/webApi/api/lists
Controller : webApiTask.Controllers.ToDoListController
Action : Get
Action Parameters : {"messageFormat":"JSON","messageArguments":[{}]}

2017-02-13 15:58:37.5462|INFO|webApiTask.Helpers.NLogger|JSON
Method: GET
URL: http://localhost/webApi/api/Tag
Controller : webApiTask.Controllers.TagController
Action : Get
Action Parameters : {"messageFormat":"JSON","messageArguments":[{}]}

2017-02-13 15:59:34.7696|INFO|webApiTask.Helpers.NLogger|JSON
Method: GET
URL: http://localhost/webApi/api/Tag
Controller : webApiTask.Controllers.TagController
Action : Get
Action Parameters : {"messageFormat":"JSON","messageArguments":[{}]}

2017-02-13 15:59:34.7696|INFO|webApiTask.Helpers.NLogger|JSON
Method: GET
URL: http://localhost/webApi/api/lists
Controller : webApiTask.Controllers.ToDoListController
Action : Get
Action Parameters : {"messageFormat":"JSON","messageArguments":[{}]}

2017-02-13 15:59:51.9594|INFO|webApiTask.Helpers.NLogger|JSON
Method: GET
URL: http://localhost/webApi/api/lists
Controller : webApiTask.Controllers.ToDoListController
Action : Get
Action Parameters : {"messageFormat":"JSON","messageArguments":[{}]}

2017-02-13 15:59:51.9594|INFO|webApiTask.Helpers.NLogger|JSON
Method: GET
URL: http://localhost/webApi/api/Tag
Controller : webApiTask.Controllers.TagController
Action : Get
Action Parameters : {"messageFormat":"JSON","messageArguments":[{}]}

2017-02-13 16:00:18.4960|INFO|webApiTask.Helpers.NLogger|JSON
Method: GET
URL: http://localhost/webApi/api/Tag
Controller : webApiTask.Controllers.TagController
Action : Get
Action Parameters : {"messageFormat":"JSON","messageArguments":[{}]}

2017-02-13 16:00:18.4960|INFO|webApiTask.Helpers.NLogger|JSON
Method: GET
URL: http://localhost/webApi/api/lists
Controller : webApiTask.Controllers.ToDoListController
Action : Get
Action Parameters : {"messageFormat":"JSON","messageArguments":[{}]}

2017-02-13 16:01:19.7454|INFO|webApiTask.Helpers.NLogger|JSON
Method: GET
URL: http://localhost/webApi/api/lists
Controller : webApiTask.Controllers.ToDoListController
Action : Get
Action Parameters : {"messageFormat":"JSON","messageArguments":[{}]}

2017-02-13 16:01:19.7454|INFO|webApiTask.Helpers.NLogger|JSON
Method: GET
URL: http://localhost/webApi/api/Tag
Controller : webApiTask.Controllers.TagController
Action : Get
Action Parameters : {"messageFormat":"JSON","messageArguments":[{}]}

2017-02-13 16:01:34.4355|INFO|webApiTask.Helpers.NLogger|JSON
Method: GET
URL: http://localhost/webApi/api/lists
Controller : webApiTask.Controllers.ToDoListController
Action : Get
Action Parameters : {"messageFormat":"JSON","messageArguments":[{}]}

2017-02-13 16:01:34.4355|INFO|webApiTask.Helpers.NLogger|JSON
Method: GET
URL: http://localhost/webApi/api/Tag
Controller : webApiTask.Controllers.TagController
Action : Get
Action Parameters : {"messageFormat":"JSON","messageArguments":[{}]}

2017-02-13 16:01:48.2402|INFO|webApiTask.Helpers.NLogger|JSON
Method: GET
URL: http://localhost/webApi/api/Tag
Controller : webApiTask.Controllers.TagController
Action : Get
Action Parameters : {"messageFormat":"JSON","messageArguments":[{}]}

2017-02-13 16:01:48.2402|INFO|webApiTask.Helpers.NLogger|JSON
Method: GET
URL: http://localhost/webApi/api/lists
Controller : webApiTask.Controllers.ToDoListController
Action : Get
Action Parameters : {"messageFormat":"JSON","messageArguments":[{}]}

2017-02-13 16:02:40.2311|INFO|webApiTask.Helpers.NLogger|JSON
Method: GET
URL: http://localhost/webApi/api/Tag
Controller : webApiTask.Controllers.TagController
Action : Get
Action Parameters : {"messageFormat":"JSON","messageArguments":[{}]}

2017-02-13 16:02:40.2311|INFO|webApiTask.Helpers.NLogger|JSON
Method: GET
URL: http://localhost/webApi/api/lists
Controller : webApiTask.Controllers.ToDoListController
Action : Get
Action Parameters : {"messageFormat":"JSON","messageArguments":[{}]}

2017-02-13 16:03:11.5373|INFO|webApiTask.Helpers.NLogger|JSON
Method: GET
URL: http://localhost/webApi/api/lists
Controller : webApiTask.Controllers.ToDoListController
Action : Get
Action Parameters : {"messageFormat":"JSON","messageArguments":[{}]}

2017-02-13 16:03:11.5373|INFO|webApiTask.Helpers.NLogger|JSON
Method: GET
URL: http://localhost/webApi/api/Tag
Controller : webApiTask.Controllers.TagController
Action : Get
Action Parameters : {"messageFormat":"JSON","messageArguments":[{}]}

2017-02-13 16:03:31.1255|INFO|webApiTask.Helpers.NLogger|JSON
Method: GET
URL: http://localhost/webApi/api/lists
Controller : webApiTask.Controllers.ToDoListController
Action : Get
Action Parameters : {"messageFormat":"JSON","messageArguments":[{}]}

2017-02-13 16:03:31.1255|INFO|webApiTask.Helpers.NLogger|JSON
Method: GET
URL: http://localhost/webApi/api/Tag
Controller : webApiTask.Controllers.TagController
Action : Get
Action Parameters : {"messageFormat":"JSON","messageArguments":[{}]}

2017-02-13 16:03:48.0298|INFO|webApiTask.Helpers.NLogger|JSON
Method: GET
URL: http://localhost/webApi/api/lists
Controller : webApiTask.Controllers.ToDoListController
Action : Get
Action Parameters : {"messageFormat":"JSON","messageArguments":[{}]}

2017-02-13 16:03:48.0328|INFO|webApiTask.Helpers.NLogger|JSON
Method: GET
URL: http://localhost/webApi/api/Tag
Controller : webApiTask.Controllers.TagController
Action : Get
Action Parameters : {"messageFormat":"JSON","messageArguments":[{}]}

2017-02-13 16:03:57.8423|INFO|webApiTask.Helpers.NLogger|JSON
Method: GET
URL: http://localhost/webApi/api/lists
Controller : webApiTask.Controllers.ToDoListController
Action : Get
Action Parameters : {"messageFormat":"JSON","messageArguments":[{}]}

2017-02-13 16:03:57.8423|INFO|webApiTask.Helpers.NLogger|JSON
Method: GET
URL: http://localhost/webApi/api/Tag
Controller : webApiTask.Controllers.TagController
Action : Get
Action Parameters : {"messageFormat":"JSON","messageArguments":[{}]}

2017-02-13 16:04:48.3293|INFO|webApiTask.Helpers.NLogger|JSON
Method: GET
URL: http://localhost/webApi/api/lists
Controller : webApiTask.Controllers.ToDoListController
Action : Get
Action Parameters : {"messageFormat":"JSON","messageArguments":[{}]}

2017-02-13 16:04:48.3293|INFO|webApiTask.Helpers.NLogger|JSON
Method: GET
URL: http://localhost/webApi/api/Tag
Controller : webApiTask.Controllers.TagController
Action : Get
Action Parameters : {"messageFormat":"JSON","messageArguments":[{}]}

2017-02-13 16:05:06.4960|INFO|webApiTask.Helpers.NLogger|JSON
Method: GET
URL: http://localhost/webApi/api/lists
Controller : webApiTask.Controllers.ToDoListController
Action : Get
Action Parameters : {"messageFormat":"JSON","messageArguments":[{}]}

2017-02-13 16:05:06.4960|INFO|webApiTask.Helpers.NLogger|JSON
Method: GET
URL: http://localhost/webApi/api/Tag
Controller : webApiTask.Controllers.TagController
Action : Get
Action Parameters : {"messageFormat":"JSON","messageArguments":[{}]}

2017-02-13 16:05:23.6911|INFO|webApiTask.Helpers.NLogger|JSON
Method: GET
URL: http://localhost/webApi/api/lists
Controller : webApiTask.Controllers.ToDoListController
Action : Get
Action Parameters : {"messageFormat":"JSON","messageArguments":[{}]}

2017-02-13 16:05:23.6911|INFO|webApiTask.Helpers.NLogger|JSON
Method: GET
URL: http://localhost/webApi/api/Tag
Controller : webApiTask.Controllers.TagController
Action : Get
Action Parameters : {"messageFormat":"JSON","messageArguments":[{}]}

2017-02-13 16:20:38.3814|INFO|webApiTask.Helpers.NLogger|JSON
Method: GET
URL: http://localhost/webApi/api/lists
Controller : webApiTask.Controllers.ToDoListController
Action : Get
Action Parameters : {"messageFormat":"JSON","messageArguments":[{}]}

2017-02-13 16:20:38.3814|INFO|webApiTask.Helpers.NLogger|JSON
Method: GET
URL: http://localhost/webApi/api/Tag
Controller : webApiTask.Controllers.TagController
Action : Get
Action Parameters : {"messageFormat":"JSON","messageArguments":[{}]}

2017-02-13 18:02:18.5175|INFO|webApiTask.Helpers.NLogger|JSON
Method: GET
URL: http://localhost/webApi/api/Tag
Controller : webApiTask.Controllers.TagController
Action : Get
Action Parameters : {"messageFormat":"JSON","messageArguments":[{}]}

2017-02-13 18:02:18.5175|INFO|webApiTask.Helpers.NLogger|JSON
Method: GET
URL: http://localhost/webApi/api/lists
Controller : webApiTask.Controllers.ToDoListController
Action : Get
Action Parameters : {"messageFormat":"JSON","messageArguments":[{}]}

2017-02-13 18:04:02.0309|INFO|webApiTask.Helpers.NLogger|JSON
Method: GET
URL: http://localhost/webApi/api/Tag
Controller : webApiTask.Controllers.TagController
Action : Get
Action Parameters : {"messageFormat":"JSON","messageArguments":[{}]}

2017-02-13 18:04:02.0309|INFO|webApiTask.Helpers.NLogger|JSON
Method: GET
URL: http://localhost/webApi/api/lists
Controller : webApiTask.Controllers.ToDoListController
Action : Get
Action Parameters : {"messageFormat":"JSON","messageArguments":[{}]}

2017-02-13 18:05:41.3447|INFO|webApiTask.Helpers.NLogger|JSON
Method: GET
URL: http://localhost/webApi/api/lists
Controller : webApiTask.Controllers.ToDoListController
Action : Get
Action Parameters : {"messageFormat":"JSON","messageArguments":[{}]}

2017-02-13 18:05:41.3447|INFO|webApiTask.Helpers.NLogger|JSON
Method: GET
URL: http://localhost/webApi/api/Tag
Controller : webApiTask.Controllers.TagController
Action : Get
Action Parameters : {"messageFormat":"JSON","messageArguments":[{}]}

2017-02-13 18:06:12.9864|INFO|webApiTask.Helpers.NLogger|JSON
Method: GET
URL: http://localhost/webApi/api/lists
Controller : webApiTask.Controllers.ToDoListController
Action : Get
Action Parameters : {"messageFormat":"JSON","messageArguments":[{}]}

2017-02-13 18:06:12.9864|INFO|webApiTask.Helpers.NLogger|JSON
Method: GET
URL: http://localhost/webApi/api/Tag
Controller : webApiTask.Controllers.TagController
Action : Get
Action Parameters : {"messageFormat":"JSON","messageArguments":[{}]}

2017-02-13 18:06:51.8411|INFO|webApiTask.Helpers.NLogger|JSON
Method: GET
URL: http://localhost/webApi/api/lists
Controller : webApiTask.Controllers.ToDoListController
Action : Get
Action Parameters : {"messageFormat":"JSON","messageArguments":[{}]}

2017-02-13 18:06:51.8411|INFO|webApiTask.Helpers.NLogger|JSON
Method: GET
URL: http://localhost/webApi/api/Tag
Controller : webApiTask.Controllers.TagController
Action : Get
Action Parameters : {"messageFormat":"JSON","messageArguments":[{}]}

2017-02-13 18:15:59.4233|INFO|webApiTask.Helpers.NLogger|JSON
Method: GET
URL: http://localhost/webApi/api/lists
Controller : webApiTask.Controllers.ToDoListController
Action : Get
Action Parameters : {"messageFormat":"JSON","messageArguments":[{}]}

2017-02-13 18:15:59.4233|INFO|webApiTask.Helpers.NLogger|JSON
Method: GET
URL: http://localhost/webApi/api/Tag
Controller : webApiTask.Controllers.TagController
Action : Get
Action Parameters : {"messageFormat":"JSON","messageArguments":[{}]}

2017-02-13 18:18:43.4733|INFO|webApiTask.Helpers.NLogger|JSON
Method: GET
URL: http://localhost/webApi/api/lists
Controller : webApiTask.Controllers.ToDoListController
Action : Get
Action Parameters : {"messageFormat":"JSON","messageArguments":[{}]}

2017-02-13 18:18:43.4758|INFO|webApiTask.Helpers.NLogger|JSON
Method: GET
URL: http://localhost/webApi/api/Tag
Controller : webApiTask.Controllers.TagController
Action : Get
Action Parameters : {"messageFormat":"JSON","messageArguments":[{}]}

2017-02-13 18:19:35.0681|INFO|webApiTask.Helpers.NLogger|JSON
Method: GET
URL: http://localhost/webApi/api/lists
Controller : webApiTask.Controllers.ToDoListController
Action : Get
Action Parameters : {"messageFormat":"JSON","messageArguments":[{}]}

2017-02-13 18:19:35.0681|INFO|webApiTask.Helpers.NLogger|JSON
Method: GET
URL: http://localhost/webApi/api/Tag
Controller : webApiTask.Controllers.TagController
Action : Get
Action Parameters : {"messageFormat":"JSON","messageArguments":[{}]}

2017-02-13 18:20:34.6836|INFO|webApiTask.Helpers.NLogger|JSON
Method: GET
URL: http://localhost/webApi/api/lists
Controller : webApiTask.Controllers.ToDoListController
Action : Get
Action Parameters : {"messageFormat":"JSON","messageArguments":[{}]}

2017-02-13 18:20:34.6836|INFO|webApiTask.Helpers.NLogger|JSON
Method: GET
URL: http://localhost/webApi/api/Tag
Controller : webApiTask.Controllers.TagController
Action : Get
Action Parameters : {"messageFormat":"JSON","messageArguments":[{}]}

2017-02-13 18:21:01.4313|INFO|webApiTask.Helpers.NLogger|JSON
Method: GET
URL: http://localhost/webApi/api/lists
Controller : webApiTask.Controllers.ToDoListController
Action : Get
Action Parameters : {"messageFormat":"JSON","messageArguments":[{}]}

2017-02-13 18:21:01.4313|INFO|webApiTask.Helpers.NLogger|JSON
Method: GET
URL: http://localhost/webApi/api/Tag
Controller : webApiTask.Controllers.TagController
Action : Get
Action Parameters : {"messageFormat":"JSON","messageArguments":[{}]}

2017-02-13 18:22:11.6486|INFO|webApiTask.Helpers.NLogger|JSON
Method: GET
URL: http://localhost/webApi/api/lists
Controller : webApiTask.Controllers.ToDoListController
Action : Get
Action Parameters : {"messageFormat":"JSON","messageArguments":[{}]}

2017-02-13 18:22:11.6486|INFO|webApiTask.Helpers.NLogger|JSON
Method: GET
URL: http://localhost/webApi/api/Tag
Controller : webApiTask.Controllers.TagController
Action : Get
Action Parameters : {"messageFormat":"JSON","messageArguments":[{}]}

2017-02-13 18:29:31.4150|INFO|webApiTask.Helpers.NLogger|JSON
Method: GET
URL: http://localhost/webApi/api/Tag
Controller : webApiTask.Controllers.TagController
Action : Get
Action Parameters : {"messageFormat":"JSON","messageArguments":[{}]}

2017-02-13 18:29:31.4150|INFO|webApiTask.Helpers.NLogger|JSON
Method: GET
URL: http://localhost/webApi/api/lists
Controller : webApiTask.Controllers.ToDoListController
Action : Get
Action Parameters : {"messageFormat":"JSON","messageArguments":[{}]}

2017-02-13 18:31:37.7085|INFO|webApiTask.Helpers.NLogger|JSON
Method: GET
URL: http://localhost/webApi/api/lists
Controller : webApiTask.Controllers.ToDoListController
Action : Get
Action Parameters : {"messageFormat":"JSON","messageArguments":[{}]}

2017-02-13 18:31:37.7085|INFO|webApiTask.Helpers.NLogger|JSON
Method: GET
URL: http://localhost/webApi/api/Tag
Controller : webApiTask.Controllers.TagController
Action : Get
Action Parameters : {"messageFormat":"JSON","messageArguments":[{}]}

2017-02-13 18:36:25.3067|INFO|webApiTask.Helpers.NLogger|JSON
Method: GET
URL: http://localhost/webApi/api/lists
Controller : webApiTask.Controllers.ToDoListController
Action : Get
Action Parameters : {"messageFormat":"JSON","messageArguments":[{}]}

2017-02-13 18:36:25.3307|INFO|webApiTask.Helpers.NLogger|JSON
Method: GET
URL: http://localhost/webApi/api/Tag
Controller : webApiTask.Controllers.TagController
Action : Get
Action Parameters : {"messageFormat":"JSON","messageArguments":[{}]}

2017-02-13 18:36:54.0163|INFO|webApiTask.Helpers.NLogger|JSON
Method: GET
URL: http://localhost/webApi/api/lists
Controller : webApiTask.Controllers.ToDoListController
Action : Get
Action Parameters : {"messageFormat":"JSON","messageArguments":[{}]}

2017-02-13 18:36:54.0163|INFO|webApiTask.Helpers.NLogger|JSON
Method: GET
URL: http://localhost/webApi/api/Tag
Controller : webApiTask.Controllers.TagController
Action : Get
Action Parameters : {"messageFormat":"JSON","messageArguments":[{}]}

2017-02-13 18:38:02.1930|INFO|webApiTask.Helpers.NLogger|JSON
Method: GET
URL: http://localhost/webApi/api/lists
Controller : webApiTask.Controllers.ToDoListController
Action : Get
Action Parameters : {"messageFormat":"JSON","messageArguments":[{}]}

2017-02-13 18:38:02.1930|INFO|webApiTask.Helpers.NLogger|JSON
Method: GET
URL: http://localhost/webApi/api/Tag
Controller : webApiTask.Controllers.TagController
Action : Get
Action Parameters : {"messageFormat":"JSON","messageArguments":[{}]}

2017-02-13 18:39:35.4310|INFO|webApiTask.Helpers.NLogger|JSON
Method: GET
URL: http://localhost/webApi/api/lists
Controller : webApiTask.Controllers.ToDoListController
Action : Get
Action Parameters : {"messageFormat":"JSON","messageArguments":[{}]}

2017-02-13 18:39:35.4310|INFO|webApiTask.Helpers.NLogger|JSON
Method: GET
URL: http://localhost/webApi/api/Tag
Controller : webApiTask.Controllers.TagController
Action : Get
Action Parameters : {"messageFormat":"JSON","messageArguments":[{}]}

2017-02-13 18:40:42.8087|INFO|webApiTask.Helpers.NLogger|JSON
Method: GET
URL: http://localhost/webApi/api/lists
Controller : webApiTask.Controllers.ToDoListController
Action : Get
Action Parameters : {"messageFormat":"JSON","messageArguments":[{}]}

2017-02-13 18:40:42.8087|INFO|webApiTask.Helpers.NLogger|JSON
Method: GET
URL: http://localhost/webApi/api/Tag
Controller : webApiTask.Controllers.TagController
Action : Get
Action Parameters : {"messageFormat":"JSON","messageArguments":[{}]}

